<?xml version="1.0" encoding="UTF-8"?>
<robot generator="Robot 7.4.1 (Python 3.14.3 on darwin)" generated="2026-02-10T21:39:32.289913" rpa="false" schemaversion="5">
<suite id="s1" name="Lists Tests" source="/Users/renatolima/repo_visual/tests/lists/lists_tests.robot">
<kw name="Log" owner="BuiltIn" type="SETUP">
<msg time="2026-02-10T21:39:32.432551" level="INFO">Iniciando testes de Listas</msg>
<arg>Iniciando testes de Listas</arg>
<doc>Logs the given message with the given level.</doc>
<status status="PASS" start="2026-02-10T21:39:32.432284" elapsed="0.000326"/>
</kw>
<test id="s1-t1" name="Lists Screen Should Display Header" line="18">
<kw name="Setup Test With Authenticated User" owner="common">
<kw name="Open Browser To QuickList" owner="common">
<kw name="Open Browser" owner="SeleniumLibrary">
<msg time="2026-02-10T21:39:32.433763" level="INFO">Opening browser 'chrome' to base url 'http://localhost:5173'.</msg>
<arg>${BASE_URL}</arg>
<arg>${BROWSER}</arg>
<doc>Opens a new browser instance to the optional ``url``.</doc>
<status status="PASS" start="2026-02-10T21:39:32.433574" elapsed="1.111084"/>
</kw>
<kw name="Set Window Size" owner="SeleniumLibrary">
<arg>375</arg>
<arg>812</arg>
<doc>Sets current windows size to given ``width`` and ``height``.</doc>
<status status="PASS" start="2026-02-10T21:39:33.545211" elapsed="0.347130"/>
</kw>
<kw name="Set Selenium Implicit Wait" owner="SeleniumLibrary">
<arg>${TIMEOUT}</arg>
<doc>Sets the implicit wait value used by Selenium.</doc>
<status status="PASS" start="2026-02-10T21:39:33.892717" elapsed="0.001603"/>
</kw>
<doc>Abre o navegador na aplicação QuickList</doc>
<status status="PASS" start="2026-02-10T21:39:32.433393" elapsed="1.461105"/>
</kw>
<kw name="Clear All Local Storage" owner="common">
<kw name="Execute Javascript" owner="SeleniumLibrary">
<msg time="2026-02-10T21:39:33.895874" level="INFO">Executing JavaScript:
localStorage.clear();
Without any arguments.</msg>
<arg>localStorage.clear();</arg>
<doc>Executes the given JavaScript code with possible arguments.</doc>
<status status="PASS" start="2026-02-10T21:39:33.895219" elapsed="0.006239"/>
</kw>
<doc>Limpa todo o localStorage</doc>
<status status="PASS" start="2026-02-10T21:39:33.894806" elapsed="0.006825"/>
</kw>
<kw name="Set Mock User In LocalStorage" owner="common">
<kw name="Set Variable" owner="BuiltIn">
<msg time="2026-02-10T21:39:33.902963" level="INFO">${user_json} = {"id": "test-user-123", "name": "Usuário Teste", "email": "teste@example.com", "picture": ""}</msg>
<var>${user_json}</var>
<arg>{"id": "test-user-123", "name": "Usuário Teste", "email": "teste@example.com", "picture": ""}</arg>
<doc>Returns the given values which can then be assigned to a variables.</doc>
<status status="PASS" start="2026-02-10T21:39:33.902346" elapsed="0.000663"/>
</kw>
<kw name="Execute Javascript" owner="SeleniumLibrary">
<msg time="2026-02-10T21:39:33.903638" level="INFO">Executing JavaScript:
localStorage.setItem('ql_user', '{"id": "test-user-123", "name": "Usuário Teste", "email": "teste@example.com", "picture": ""}');
Without any arguments.</msg>
<arg>localStorage.setItem('${LS_USER}', '${user_json}');</arg>
<doc>Executes the given JavaScript code with possible arguments.</doc>
<status status="PASS" start="2026-02-10T21:39:33.903155" elapsed="0.004806"/>
</kw>
<doc>Define usuário mock no localStorage</doc>
<status status="PASS" start="2026-02-10T21:39:33.901901" elapsed="0.006178"/>
</kw>
<kw name="Reload Page" owner="SeleniumLibrary">
<doc>Simulates user reloading page.</doc>
<status status="PASS" start="2026-02-10T21:39:33.908218" elapsed="0.010657"/>
</kw>
<kw name="Wait Until Page Contains Element" owner="SeleniumLibrary">
<arg>css:[data-testid="lists-screen"]</arg>
<arg>${TIMEOUT}</arg>
<doc>Waits until the element ``locator`` appears on the current page.</doc>
<status status="PASS" start="2026-02-10T21:39:33.919294" elapsed="0.069921"/>
</kw>
<doc>Configura teste com usuário autenticado</doc>
<status status="PASS" start="2026-02-10T21:39:32.433165" elapsed="1.556146"/>
</kw>
<kw name="Verify Lists Screen Is Displayed" owner="lists_page">
<kw name="Wait Until Element Is Visible" owner="SeleniumLibrary">
<arg>${LISTS_SCREEN}</arg>
<arg>${TIMEOUT}</arg>
<doc>Waits until the element ``locator`` is visible.</doc>
<status status="PASS" start="2026-02-10T21:39:33.989714" elapsed="0.009163"/>
</kw>
<kw name="Element Should Be Visible" owner="SeleniumLibrary">
<msg time="2026-02-10T21:39:34.007636" level="INFO">Element 'css:[data-testid="header"]' is displayed.</msg>
<arg>${LISTS_HEADER}</arg>
<doc>Verifies that the element identified by ``locator`` is visible.</doc>
<status status="PASS" start="2026-02-10T21:39:33.999000" elapsed="0.008689"/>
</kw>
<doc>Verifica se a tela de listas está exibida</doc>
<status status="PASS" start="2026-02-10T21:39:33.989499" elapsed="0.018252"/>
</kw>
<kw name="Verify Header Title Is QuickList" owner="lists_page">
<kw name="Element Should Contain Text" owner="common">
<kw name="Wait Until Element Is Visible" owner="SeleniumLibrary">
<arg>${locator}</arg>
<arg>${TIMEOUT}</arg>
<doc>Waits until the element ``locator`` is visible.</doc>
<status status="PASS" start="2026-02-10T21:39:34.008304" elapsed="0.008619"/>
</kw>
<kw name="Element Should Contain" owner="SeleniumLibrary">
<msg time="2026-02-10T21:39:34.027436" level="INFO">Element 'css:[data-testid="header-title"]' contains text 'QuickList'.</msg>
<arg>${locator}</arg>
<arg>${text}</arg>
<doc>Verifies that element ``locator`` contains text ``expected``.</doc>
<status status="PASS" start="2026-02-10T21:39:34.017036" elapsed="0.010461"/>
</kw>
<arg>${LISTS_HEADER_TITLE}</arg>
<arg>QuickList</arg>
<doc>Verifica se elemento contém texto</doc>
<status status="PASS" start="2026-02-10T21:39:34.008067" elapsed="0.019493"/>
</kw>
<doc>Verifica se o título do header é QuickList</doc>
<status status="PASS" start="2026-02-10T21:39:34.007877" elapsed="0.019732"/>
</kw>
<kw name="Close Test Browser" owner="common" type="TEARDOWN">
<kw name="Close All Browsers" owner="SeleniumLibrary">
<doc>Closes all open browsers and resets the browser cache.</doc>
<status status="PASS" start="2026-02-10T21:39:34.027983" elapsed="0.088309"/>
</kw>
<doc>Fecha o navegador e limpa dados</doc>
<status status="PASS" start="2026-02-10T21:39:34.027800" elapsed="0.088592"/>
</kw>
<doc>Verifica se o header está exibido corretamente</doc>
<tag>lists</tag>
<tag>smoke</tag>
<tag>ui</tag>
<status status="PASS" start="2026-02-10T21:39:32.432739" elapsed="1.683706"/>
</test>
<test id="s1-t2" name="Lists Screen Should Display Logout Button" line="25">
<kw name="Setup Test With Authenticated User" owner="common">
<kw name="Open Browser To QuickList" owner="common">
<kw name="Open Browser" owner="SeleniumLibrary">
<msg time="2026-02-10T21:39:34.117665" level="INFO">Opening browser 'chrome' to base url 'http://localhost:5173'.</msg>
<arg>${BASE_URL}</arg>
<arg>${BROWSER}</arg>
<doc>Opens a new browser instance to the optional ``url``.</doc>
<status status="PASS" start="2026-02-10T21:39:34.117499" elapsed="0.942446"/>
</kw>
<kw name="Set Window Size" owner="SeleniumLibrary">
<arg>375</arg>
<arg>812</arg>
<doc>Sets current windows size to given ``width`` and ``height``.</doc>
<status status="PASS" start="2026-02-10T21:39:35.060585" elapsed="0.348190"/>
</kw>
<kw name="Set Selenium Implicit Wait" owner="SeleniumLibrary">
<arg>${TIMEOUT}</arg>
<doc>Sets the implicit wait value used by Selenium.</doc>
<status status="PASS" start="2026-02-10T21:39:35.409212" elapsed="0.001683"/>
</kw>
<doc>Abre o navegador na aplicação QuickList</doc>
<status status="PASS" start="2026-02-10T21:39:34.117323" elapsed="1.293721"/>
</kw>
<kw name="Clear All Local Storage" owner="common">
<kw name="Execute Javascript" owner="SeleniumLibrary">
<msg time="2026-02-10T21:39:35.412382" level="INFO">Executing JavaScript:
localStorage.clear();
Without any arguments.</msg>
<arg>localStorage.clear();</arg>
<doc>Executes the given JavaScript code with possible arguments.</doc>
<status status="PASS" start="2026-02-10T21:39:35.411739" elapsed="0.006178"/>
</kw>
<doc>Limpa todo o localStorage</doc>
<status status="PASS" start="2026-02-10T21:39:35.411338" elapsed="0.006734"/>
</kw>
<kw name="Set Mock User In LocalStorage" owner="common">
<kw name="Set Variable" owner="BuiltIn">
<msg time="2026-02-10T21:39:35.419889" level="INFO">${user_json} = {"id": "test-user-123", "name": "Usuário Teste", "email": "teste@example.com", "picture": ""}</msg>
<var>${user_json}</var>
<arg>{"id": "test-user-123", "name": "Usuário Teste", "email": "teste@example.com", "picture": ""}</arg>
<doc>Returns the given values which can then be assigned to a variables.</doc>
<status status="PASS" start="2026-02-10T21:39:35.418847" elapsed="0.001110"/>
</kw>
<kw name="Execute Javascript" owner="SeleniumLibrary">
<msg time="2026-02-10T21:39:35.421162" level="INFO">Executing JavaScript:
localStorage.setItem('ql_user', '{"id": "test-user-123", "name": "Usuário Teste", "email": "teste@example.com", "picture": ""}');
Without any arguments.</msg>
<arg>localStorage.setItem('${LS_USER}', '${user_json}');</arg>
<doc>Executes the given JavaScript code with possible arguments.</doc>
<status status="PASS" start="2026-02-10T21:39:35.420197" elapsed="0.005887"/>
</kw>
<doc>Define usuário mock no localStorage</doc>
<status status="PASS" start="2026-02-10T21:39:35.418450" elapsed="0.007747"/>
</kw>
<kw name="Reload Page" owner="SeleniumLibrary">
<doc>Simulates user reloading page.</doc>
<status status="PASS" start="2026-02-10T21:39:35.426339" elapsed="0.010328"/>
</kw>
<kw name="Wait Until Page Contains Element" owner="SeleniumLibrary">
<arg>css:[data-testid="lists-screen"]</arg>
<arg>${TIMEOUT}</arg>
<doc>Waits until the element ``locator`` appears on the current page.</doc>
<status status="PASS" start="2026-02-10T21:39:35.437187" elapsed="0.068129"/>
</kw>
<doc>Configura teste com usuário autenticado</doc>
<status status="PASS" start="2026-02-10T21:39:34.117123" elapsed="1.388291"/>
</kw>
<kw name="Verify Logout Button Is Displayed" owner="lists_page">
<kw name="Element Should Be Visible" owner="SeleniumLibrary">
<msg time="2026-02-10T21:39:35.516679" level="INFO">Element 'css:[data-testid="logout-button"]' is displayed.</msg>
<arg>${LISTS_LOGOUT_BUTTON}</arg>
<doc>Verifies that the element identified by ``locator`` is visible.</doc>
<status status="PASS" start="2026-02-10T21:39:35.505796" elapsed="0.010945"/>
</kw>
<doc>Verifica se o botão de logout está visível</doc>
<status status="PASS" start="2026-02-10T21:39:35.505583" elapsed="0.011222"/>
</kw>
<kw name="Close Test Browser" owner="common" type="TEARDOWN">
<kw name="Close All Browsers" owner="SeleniumLibrary">
<doc>Closes all open browsers and resets the browser cache.</doc>
<status status="PASS" start="2026-02-10T21:39:35.517184" elapsed="0.088193"/>
</kw>
<doc>Fecha o navegador e limpa dados</doc>
<status status="PASS" start="2026-02-10T21:39:35.516994" elapsed="0.088482"/>
</kw>
<doc>Verifica se o botão de logout está visível</doc>
<tag>lists</tag>
<tag>ui</tag>
<status status="PASS" start="2026-02-10T21:39:34.116748" elapsed="1.488776"/>
</test>
<test id="s1-t3" name="Lists Screen Should Display FAB" line="31">
<kw name="Setup Test With Authenticated User" owner="common">
<kw name="Open Browser To QuickList" owner="common">
<kw name="Open Browser" owner="SeleniumLibrary">
<msg time="2026-02-10T21:39:35.606683" level="INFO">Opening browser 'chrome' to base url 'http://localhost:5173'.</msg>
<arg>${BASE_URL}</arg>
<arg>${BROWSER}</arg>
<doc>Opens a new browser instance to the optional ``url``.</doc>
<status status="PASS" start="2026-02-10T21:39:35.606517" elapsed="1.257231"/>
</kw>
<kw name="Set Window Size" owner="SeleniumLibrary">
<arg>375</arg>
<arg>812</arg>
<doc>Sets current windows size to given ``width`` and ``height``.</doc>
<status status="PASS" start="2026-02-10T21:39:36.864195" elapsed="0.348667"/>
</kw>
<kw name="Set Selenium Implicit Wait" owner="SeleniumLibrary">
<arg>${TIMEOUT}</arg>
<doc>Sets the implicit wait value used by Selenium.</doc>
<status status="PASS" start="2026-02-10T21:39:37.213264" elapsed="0.001630"/>
</kw>
<doc>Abre o navegador na aplicação QuickList</doc>
<status status="PASS" start="2026-02-10T21:39:35.606344" elapsed="1.608720"/>
</kw>
<kw name="Clear All Local Storage" owner="common">
<kw name="Execute Javascript" owner="SeleniumLibrary">
<msg time="2026-02-10T21:39:37.216504" level="INFO">Executing JavaScript:
localStorage.clear();
Without any arguments.</msg>
<arg>localStorage.clear();</arg>
<doc>Executes the given JavaScript code with possible arguments.</doc>
<status status="PASS" start="2026-02-10T21:39:37.215922" elapsed="0.005594"/>
</kw>
<doc>Limpa todo o localStorage</doc>
<status status="PASS" start="2026-02-10T21:39:37.215379" elapsed="0.006285"/>
</kw>
<kw name="Set Mock User In LocalStorage" owner="common">
<kw name="Set Variable" owner="BuiltIn">
<msg time="2026-02-10T21:39:37.222654" level="INFO">${user_json} = {"id": "test-user-123", "name": "Usuário Teste", "email": "teste@example.com", "picture": ""}</msg>
<var>${user_json}</var>
<arg>{"id": "test-user-123", "name": "Usuário Teste", "email": "teste@example.com", "picture": ""}</arg>
<doc>Returns the given values which can then be assigned to a variables.</doc>
<status status="PASS" start="2026-02-10T21:39:37.222196" elapsed="0.000494"/>
</kw>
<kw name="Execute Javascript" owner="SeleniumLibrary">
<msg time="2026-02-10T21:39:37.223237" level="INFO">Executing JavaScript:
localStorage.setItem('ql_user', '{"id": "test-user-123", "name": "Usuário Teste", "email": "teste@example.com", "picture": ""}');
Without any arguments.</msg>
<arg>localStorage.setItem('${LS_USER}', '${user_json}');</arg>
<doc>Executes the given JavaScript code with possible arguments.</doc>
<status status="PASS" start="2026-02-10T21:39:37.222812" elapsed="0.003938"/>
</kw>
<doc>Define usuário mock no localStorage</doc>
<status status="PASS" start="2026-02-10T21:39:37.221884" elapsed="0.004927"/>
</kw>
<kw name="Reload Page" owner="SeleniumLibrary">
<doc>Simulates user reloading page.</doc>
<status status="PASS" start="2026-02-10T21:39:37.226924" elapsed="0.009980"/>
</kw>
<kw name="Wait Until Page Contains Element" owner="SeleniumLibrary">
<arg>css:[data-testid="lists-screen"]</arg>
<arg>${TIMEOUT}</arg>
<doc>Waits until the element ``locator`` appears on the current page.</doc>
<status status="PASS" start="2026-02-10T21:39:37.237274" elapsed="0.068719"/>
</kw>
<doc>Configura teste com usuário autenticado</doc>
<status status="PASS" start="2026-02-10T21:39:35.606154" elapsed="1.699931"/>
</kw>
<kw name="Verify FAB Is Displayed" owner="lists_page">
<kw name="Element Should Be Visible" owner="SeleniumLibrary">
<msg time="2026-02-10T21:39:37.317533" level="INFO">Element 'css:[data-testid="fab-add-list"]' is displayed.</msg>
<arg>${LISTS_FAB}</arg>
<doc>Verifies that the element identified by ``locator`` is visible.</doc>
<status status="PASS" start="2026-02-10T21:39:37.306458" elapsed="0.011139"/>
</kw>
<doc>Verifica se o FAB está visível</doc>
<status status="PASS" start="2026-02-10T21:39:37.306249" elapsed="0.011415"/>
</kw>
<kw name="Close Test Browser" owner="common" type="TEARDOWN">
<kw name="Close All Browsers" owner="SeleniumLibrary">
<doc>Closes all open browsers and resets the browser cache.</doc>
<status status="PASS" start="2026-02-10T21:39:37.318028" elapsed="0.084996"/>
</kw>
<doc>Fecha o navegador e limpa dados</doc>
<status status="PASS" start="2026-02-10T21:39:37.317849" elapsed="0.085272"/>
</kw>
<doc>Verifica se o FAB está visível</doc>
<tag>lists</tag>
<tag>smoke</tag>
<tag>ui</tag>
<status status="PASS" start="2026-02-10T21:39:35.605806" elapsed="1.797358"/>
</test>
<test id="s1-t4" name="Lists Screen Should Show Empty State When No Lists" line="37">
<kw name="Setup Test With Authenticated User" owner="common">
<kw name="Open Browser To QuickList" owner="common">
<kw name="Open Browser" owner="SeleniumLibrary">
<msg time="2026-02-10T21:39:37.404327" level="INFO">Opening browser 'chrome' to base url 'http://localhost:5173'.</msg>
<arg>${BASE_URL}</arg>
<arg>${BROWSER}</arg>
<doc>Opens a new browser instance to the optional ``url``.</doc>
<status status="PASS" start="2026-02-10T21:39:37.404161" elapsed="1.144249"/>
</kw>
<kw name="Set Window Size" owner="SeleniumLibrary">
<arg>375</arg>
<arg>812</arg>
<doc>Sets current windows size to given ``width`` and ``height``.</doc>
<status status="PASS" start="2026-02-10T21:39:38.548978" elapsed="0.343222"/>
</kw>
<kw name="Set Selenium Implicit Wait" owner="SeleniumLibrary">
<arg>${TIMEOUT}</arg>
<doc>Sets the implicit wait value used by Selenium.</doc>
<status status="PASS" start="2026-02-10T21:39:38.892663" elapsed="0.001642"/>
</kw>
<doc>Abre o navegador na aplicação QuickList</doc>
<status status="PASS" start="2026-02-10T21:39:37.403995" elapsed="1.490469"/>
</kw>
<kw name="Clear All Local Storage" owner="common">
<kw name="Execute Javascript" owner="SeleniumLibrary">
<msg time="2026-02-10T21:39:38.896014" level="INFO">Executing JavaScript:
localStorage.clear();
Without any arguments.</msg>
<arg>localStorage.clear();</arg>
<doc>Executes the given JavaScript code with possible arguments.</doc>
<status status="PASS" start="2026-02-10T21:39:38.895340" elapsed="0.006686"/>
</kw>
<doc>Limpa todo o localStorage</doc>
<status status="PASS" start="2026-02-10T21:39:38.894843" elapsed="0.007366"/>
</kw>
<kw name="Set Mock User In LocalStorage" owner="common">
<kw name="Set Variable" owner="BuiltIn">
<msg time="2026-02-10T21:39:38.903684" level="INFO">${user_json} = {"id": "test-user-123", "name": "Usuário Teste", "email": "teste@example.com", "picture": ""}</msg>
<var>${user_json}</var>
<arg>{"id": "test-user-123", "name": "Usuário Teste", "email": "teste@example.com", "picture": ""}</arg>
<doc>Returns the given values which can then be assigned to a variables.</doc>
<status status="PASS" start="2026-02-10T21:39:38.903066" elapsed="0.000654"/>
</kw>
<kw name="Execute Javascript" owner="SeleniumLibrary">
<msg time="2026-02-10T21:39:38.904437" level="INFO">Executing JavaScript:
localStorage.setItem('ql_user', '{"id": "test-user-123", "name": "Usuário Teste", "email": "teste@example.com", "picture": ""}');
Without any arguments.</msg>
<arg>localStorage.setItem('${LS_USER}', '${user_json}');</arg>
<doc>Executes the given JavaScript code with possible arguments.</doc>
<status status="PASS" start="2026-02-10T21:39:38.903914" elapsed="0.005042"/>
</kw>
<doc>Define usuário mock no localStorage</doc>
<status status="PASS" start="2026-02-10T21:39:38.902494" elapsed="0.006577"/>
</kw>
<kw name="Reload Page" owner="SeleniumLibrary">
<doc>Simulates user reloading page.</doc>
<status status="PASS" start="2026-02-10T21:39:38.909202" elapsed="0.010077"/>
</kw>
<kw name="Wait Until Page Contains Element" owner="SeleniumLibrary">
<arg>css:[data-testid="lists-screen"]</arg>
<arg>${TIMEOUT}</arg>
<doc>Waits until the element ``locator`` appears on the current page.</doc>
<status status="PASS" start="2026-02-10T21:39:38.919717" elapsed="0.068727"/>
</kw>
<doc>Configura teste com usuário autenticado</doc>
<status status="PASS" start="2026-02-10T21:39:37.403800" elapsed="1.584742"/>
</kw>
<kw name="Verify Empty State Is Displayed" owner="lists_page">
<kw name="Wait Until Element Is Visible" owner="SeleniumLibrary">
<arg>${LISTS_EMPTY_STATE}</arg>
<arg>${TIMEOUT}</arg>
<doc>Waits until the element ``locator`` is visible.</doc>
<status status="PASS" start="2026-02-10T21:39:38.988922" elapsed="0.010843"/>
</kw>
<kw name="Element Should Contain Text" owner="common">
<kw name="Wait Until Element Is Visible" owner="SeleniumLibrary">
<arg>${locator}</arg>
<arg>${TIMEOUT}</arg>
<doc>Waits until the element ``locator`` is visible.</doc>
<status status="PASS" start="2026-02-10T21:39:39.000141" elapsed="0.006527"/>
</kw>
<kw name="Element Should Contain" owner="SeleniumLibrary">
<msg time="2026-02-10T21:39:39.017457" level="INFO">Element 'css:[data-testid="empty-state"]' contains text 'Nenhuma lista ainda.'.</msg>
<arg>${locator}</arg>
<arg>${text}</arg>
<doc>Verifies that element ``locator`` contains text ``expected``.</doc>
<status status="PASS" start="2026-02-10T21:39:39.006769" elapsed="0.010736"/>
</kw>
<arg>${LISTS_EMPTY_STATE}</arg>
<arg>${MSG_EMPTY_LISTS}</arg>
<doc>Verifica se elemento contém texto</doc>
<status status="PASS" start="2026-02-10T21:39:38.999915" elapsed="0.017650"/>
</kw>
<doc>Verifica se o estado vazio está exibido</doc>
<status status="PASS" start="2026-02-10T21:39:38.988712" elapsed="0.028894"/>
</kw>
<kw name="Close Test Browser" owner="common" type="TEARDOWN">
<kw name="Close All Browsers" owner="SeleniumLibrary">
<doc>Closes all open browsers and resets the browser cache.</doc>
<status status="PASS" start="2026-02-10T21:39:39.017941" elapsed="0.087604"/>
</kw>
<doc>Fecha o navegador e limpa dados</doc>
<status status="PASS" start="2026-02-10T21:39:39.017773" elapsed="0.087878"/>
</kw>
<doc>Verifica mensagem de estado vazio</doc>
<tag>empty-state</tag>
<tag>lists</tag>
<tag>ui</tag>
<status status="PASS" start="2026-02-10T21:39:37.403426" elapsed="1.702273"/>
</test>
<test id="s1-t5" name="Lists Screen Should Display Existing Lists" line="47">
<kw name="Setup Test With Sample Data" owner="common">
<kw name="Open Browser To QuickList" owner="common">
<kw name="Open Browser" owner="SeleniumLibrary">
<msg time="2026-02-10T21:39:39.106867" level="INFO">Opening browser 'chrome' to base url 'http://localhost:5173'.</msg>
<arg>${BASE_URL}</arg>
<arg>${BROWSER}</arg>
<doc>Opens a new browser instance to the optional ``url``.</doc>
<status status="PASS" start="2026-02-10T21:39:39.106702" elapsed="0.989013"/>
</kw>
<kw name="Set Window Size" owner="SeleniumLibrary">
<arg>375</arg>
<arg>812</arg>
<doc>Sets current windows size to given ``width`` and ``height``.</doc>
<status status="PASS" start="2026-02-10T21:39:40.096283" elapsed="0.349267"/>
</kw>
<kw name="Set Selenium Implicit Wait" owner="SeleniumLibrary">
<arg>${TIMEOUT}</arg>
<doc>Sets the implicit wait value used by Selenium.</doc>
<status status="PASS" start="2026-02-10T21:39:40.445842" elapsed="0.001268"/>
</kw>
<doc>Abre o navegador na aplicação QuickList</doc>
<status status="PASS" start="2026-02-10T21:39:39.106537" elapsed="1.340696"/>
</kw>
<kw name="Clear All Local Storage" owner="common">
<kw name="Execute Javascript" owner="SeleniumLibrary">
<msg time="2026-02-10T21:39:40.448342" level="INFO">Executing JavaScript:
localStorage.clear();
Without any arguments.</msg>
<arg>localStorage.clear();</arg>
<doc>Executes the given JavaScript code with possible arguments.</doc>
<status status="PASS" start="2026-02-10T21:39:40.447801" elapsed="0.004315"/>
</kw>
<doc>Limpa todo o localStorage</doc>
<status status="PASS" start="2026-02-10T21:39:40.447481" elapsed="0.004725"/>
</kw>
<kw name="Set Mock User In LocalStorage" owner="common">
<kw name="Set Variable" owner="BuiltIn">
<msg time="2026-02-10T21:39:40.453000" level="INFO">${user_json} = {"id": "test-user-123", "name": "Usuário Teste", "email": "teste@example.com", "picture": ""}</msg>
<var>${user_json}</var>
<arg>{"id": "test-user-123", "name": "Usuário Teste", "email": "teste@example.com", "picture": ""}</arg>
<doc>Returns the given values which can then be assigned to a variables.</doc>
<status status="PASS" start="2026-02-10T21:39:40.452606" elapsed="0.000422"/>
</kw>
<kw name="Execute Javascript" owner="SeleniumLibrary">
<msg time="2026-02-10T21:39:40.453469" level="INFO">Executing JavaScript:
localStorage.setItem('ql_user', '{"id": "test-user-123", "name": "Usuário Teste", "email": "teste@example.com", "picture": ""}');
Without any arguments.</msg>
<arg>localStorage.setItem('${LS_USER}', '${user_json}');</arg>
<doc>Executes the given JavaScript code with possible arguments.</doc>
<status status="PASS" start="2026-02-10T21:39:40.453125" elapsed="0.003183"/>
</kw>
<doc>Define usuário mock no localStorage</doc>
<status status="PASS" start="2026-02-10T21:39:40.452358" elapsed="0.004008"/>
</kw>
<kw name="Set Sample Lists In LocalStorage" owner="common">
<kw name="Set Variable" owner="BuiltIn">
<msg time="2026-02-10T21:39:40.456803" level="INFO">${lists_json} = [{"id": "list-1", "nome": "Lista de Compras"}, {"id": "list-2", "nome": "Lista do Mês"}]</msg>
<var>${lists_json}</var>
<arg>[{"id": "list-1", "nome": "Lista de Compras"}, {"id": "list-2", "nome": "Lista do Mês"}]</arg>
<doc>Returns the given values which can then be assigned to a variables.</doc>
<status status="PASS" start="2026-02-10T21:39:40.456624" elapsed="0.000200"/>
</kw>
<kw name="Execute Javascript" owner="SeleniumLibrary">
<msg time="2026-02-10T21:39:40.457201" level="INFO">Executing JavaScript:
localStorage.setItem('ql_lists', '[{"id": "list-1", "nome": "Lista de Compras"}, {"id": "list-2", "nome": "Lista do Mês"}]');
Without any arguments.</msg>
<arg>localStorage.setItem('${LS_LISTS}', '${lists_json}');</arg>
<doc>Executes the given JavaScript code with possible arguments.</doc>
<status status="PASS" start="2026-02-10T21:39:40.456939" elapsed="0.002857"/>
</kw>
<doc>Define listas de exemplo no localStorage</doc>
<status status="PASS" start="2026-02-10T21:39:40.456468" elapsed="0.003395"/>
</kw>
<kw name="Set Sample Items In LocalStorage" owner="common">
<kw name="Set Variable" owner="BuiltIn">
<msg time="2026-02-10T21:39:40.460355" level="INFO">${items_json} = [{"id": "item-1", "list_id": "list-1", "nome": "Arroz", "status": "pendente"}, {"id": "item-2", "list_id": "list-1", "nome": "Feijão", "status": "comprado"}, {"id": "item-3", "list_id": "list-2", "nom...</msg>
<var>${items_json}</var>
<arg>[{"id": "item-1", "list_id": "list-1", "nome": "Arroz", "status": "pendente"}, {"id": "item-2", "list_id": "list-1", "nome": "Feijão", "status": "comprado"}, {"id": "item-3", "list_id": "list-2", "nome": "Leite", "status": "pendente"}]</arg>
<doc>Returns the given values which can then be assigned to a variables.</doc>
<status status="PASS" start="2026-02-10T21:39:40.460155" elapsed="0.000225"/>
</kw>
<kw name="Execute Javascript" owner="SeleniumLibrary">
<msg time="2026-02-10T21:39:40.460752" level="INFO">Executing JavaScript:
localStorage.setItem('ql_items', '[{"id": "item-1", "list_id": "list-1", "nome": "Arroz", "status": "pendente"}, {"id": "item-2", "list_id": "list-1", "nome": "Feijão", "status": "comprado"}, {"id": "item-3", "list_id": "list-2", "nome": "Leite", "status": "pendente"}]');
Without any arguments.</msg>
<arg>localStorage.setItem('${LS_ITEMS}', '${items_json}');</arg>
<doc>Executes the given JavaScript code with possible arguments.</doc>
<status status="PASS" start="2026-02-10T21:39:40.460462" elapsed="0.002834"/>
</kw>
<doc>Define itens de exemplo no localStorage</doc>
<status status="PASS" start="2026-02-10T21:39:40.459976" elapsed="0.003428"/>
</kw>
<kw name="Reload Page" owner="SeleniumLibrary">
<doc>Simulates user reloading page.</doc>
<status status="PASS" start="2026-02-10T21:39:40.463492" elapsed="0.009366"/>
</kw>
<kw name="Wait Until Page Contains Element" owner="SeleniumLibrary">
<arg>css:[data-testid="lists-screen"]</arg>
<arg>${TIMEOUT}</arg>
<doc>Waits until the element ``locator`` appears on the current page.</doc>
<status status="PASS" start="2026-02-10T21:39:40.473210" elapsed="0.069123"/>
</kw>
<doc>Configura teste com dados de exemplo</doc>
<status status="PASS" start="2026-02-10T21:39:39.106350" elapsed="1.436080"/>
</kw>
<kw name="Verify Lists Screen Is Displayed" owner="lists_page">
<kw name="Wait Until Element Is Visible" owner="SeleniumLibrary">
<arg>${LISTS_SCREEN}</arg>
<arg>${TIMEOUT}</arg>
<doc>Waits until the element ``locator`` is visible.</doc>
<status status="PASS" start="2026-02-10T21:39:40.542815" elapsed="0.008592"/>
</kw>
<kw name="Element Should Be Visible" owner="SeleniumLibrary">
<msg time="2026-02-10T21:39:40.560233" level="INFO">Element 'css:[data-testid="header"]' is displayed.</msg>
<arg>${LISTS_HEADER}</arg>
<doc>Verifies that the element identified by ``locator`` is visible.</doc>
<status status="PASS" start="2026-02-10T21:39:40.551520" elapsed="0.008776"/>
</kw>
<doc>Verifica se a tela de listas está exibida</doc>
<status status="PASS" start="2026-02-10T21:39:40.542608" elapsed="0.017755"/>
</kw>
<kw name="Verify Empty State Is Not Displayed" owner="lists_page">
<kw name="Element Should Not Be Visible" owner="SeleniumLibrary">
<msg time="2026-02-10T21:39:50.586357" level="INFO">Element 'css:[data-testid="empty-state"]' did not exist.</msg>
<arg>${LISTS_EMPTY_STATE}</arg>
<doc>Verifies that the element identified by ``locator`` is NOT visible.</doc>
<status status="PASS" start="2026-02-10T21:39:40.560668" elapsed="10.025888"/>
</kw>
<doc>Verifica se o estado vazio NÃO está exibido</doc>
<status status="PASS" start="2026-02-10T21:39:40.560486" elapsed="10.026275"/>
</kw>
<kw name="Verify List Count" owner="lists_page">
<kw name="Get Element Count" owner="common">
<kw name="Get Element Count" owner="common">
<kw name="Get Element Count" owner="common">
<kw name="Get Element Count" owner="common">
<kw name="Get Element Count" owner="common">
<kw name="Get Element Count" owner="common">
<kw name="Get Element Count" owner="common">
<kw name="Get Element Count" owner="common">
<kw name="Get Element Count" owner="common">
<kw name="Get Element Count" owner="common">
<kw name="Get Element Count" owner="common">
<kw name="Get Element Count" owner="common">
<kw name="Get Element Count" owner="common">
<kw name="Get Element Count" owner="common">
<kw name="Get Element Count" owner="common">
<kw name="Get Element Count" owner="common">
<kw name="Get Element Count" owner="common">
<kw name="Get Element Count" owner="common">
<kw name="Get Element Count" owner="common">
<kw name="Get Element Count" owner="common">
<kw name="Get Element Count" owner="common">
<kw name="Get Element Count" owner="common">
<kw name="Get Element Count" owner="common">
<kw name="Get Element Count" owner="common">
<kw name="Get Element Count" owner="common">
<kw name="Get Element Count" owner="common">
<kw name="Get Element Count" owner="common">
<kw name="Get Element Count" owner="common">
<kw name="Get Element Count" owner="common">
<kw name="Get Element Count" owner="common">
<kw name="Get Element Count" owner="common">
<kw name="Get Element Count" owner="common">
<kw name="Get Element Count" owner="common">
<kw name="Get Element Count" owner="common">
<kw name="Get Element Count" owner="common">
<kw name="Get Element Count" owner="common">
<kw name="Get Element Count" owner="common">
<kw name="Get Element Count" owner="common">
<kw name="Get Element Count" owner="common">
<kw name="Get Element Count" owner="common">
<kw name="Get Element Count" owner="common">
<kw name="Get Element Count" owner="common">
<kw name="Get Element Count" owner="common">
<kw name="Get Element Count" owner="common">
<kw name="Get Element Count" owner="common">
<kw name="Get Element Count" owner="common">
<kw name="Get Element Count" owner="common">
<kw name="Get Element Count" owner="common">
<kw name="Get Element Count" owner="common">
<kw name="Get Element Count" owner="common">
<kw name="Get Element Count" owner="common">
<kw name="Get Element Count" owner="common">
<kw name="Get Element Count" owner="common">
<kw name="Get Element Count" owner="common">
<kw name="Get Element Count" owner="common">
<kw name="Get Element Count" owner="common">
<kw name="Get Element Count" owner="common">
<kw name="Get Element Count" owner="common">
<kw name="Get Element Count" owner="common">
<kw name="Get Element Count" owner="common">
<kw name="Get Element Count" owner="common">
<kw name="Get Element Count" owner="common">
<kw name="Get Element Count" owner="common">
<kw name="Get Element Count" owner="common">
<kw name="Get Element Count" owner="common">
<kw name="Get Element Count" owner="common">
<kw name="Get Element Count" owner="common">
<kw name="Get Element Count" owner="common">
<kw name="Get Element Count" owner="common">
<kw name="Get Element Count" owner="common">
<kw name="Get Element Count" owner="common">
<kw name="Get Element Count" owner="common">
<kw name="Get Element Count" owner="common">
<kw name="Get Element Count" owner="common">
<kw name="Get Element Count" owner="common">
<kw name="Get Element Count" owner="common">
<kw name="Get Element Count" owner="common">
<kw name="Get Element Count" owner="common">
<kw name="Get Element Count" owner="common">
<kw name="Get Element Count" owner="common">
<kw name="Get Element Count" owner="common">
<kw name="Get Element Count" owner="common">
<kw name="Get Element Count" owner="common">
<kw name="Get Element Count" owner="common">
<kw name="Get Element Count" owner="common">
<kw name="Get Element Count" owner="common">
<kw name="Get Element Count" owner="common">
<kw name="Get Element Count" owner="common">
<kw name="Get Element Count" owner="common">
<kw name="Get Element Count" owner="common">
<kw name="Get Element Count" owner="common">
<kw name="Get Element Count" owner="common">
<kw name="Get Element Count" owner="common">
<kw name="Get Element Count" owner="common">
<kw name="Get Element Count" owner="common">
<kw name="Get Element Count" owner="common">
<kw name="Get Element Count" owner="common">
<kw name="Get Element Count" owner="common">
<kw name="Get Element Count" owner="common">
<kw name="Get Element Count" owner="common">
<kw name="Get Element Count" owner="common">
<kw name="Get Element Count" owner="common">
<kw name="Get Element Count" owner="common">
<kw name="Get Element Count" owner="common">
<kw name="Get Element Count" owner="common">
<kw name="Get Element Count" owner="common">
<kw name="Get Element Count" owner="common">
<kw name="Get Element Count" owner="common">
<kw name="Get Element Count" owner="common">
<kw name="Get Element Count" owner="common">
<kw name="Get Element Count" owner="common">
<kw name="Get Element Count" owner="common">
<kw name="Get Element Count" owner="common">
<kw name="Get Element Count" owner="common">
<kw name="Get Element Count" owner="common">
<kw name="Get Element Count" owner="common">
<kw name="Get Element Count" owner="common">
<kw name="Get Element Count" owner="common">
<kw name="Get Element Count" owner="common">
<kw name="Get Element Count" owner="common">
<kw name="Get Element Count" owner="common">
<kw name="Get Element Count" owner="common">
<kw name="Get Element Count" owner="common">
<kw name="Get Element Count" owner="common">
<kw name="Get Element Count" owner="common">
<kw name="Get Element Count" owner="common">
<kw name="Get Element Count" owner="common">
<kw name="Get Element Count" owner="common">
<kw name="Get Element Count" owner="common">
<kw name="Get Element Count" owner="common">
<kw name="Get Element Count" owner="common">
<kw name="Get Element Count" owner="common">
<kw name="Get Element Count" owner="common">
<kw name="Get Element Count" owner="common">
<kw name="Get Element Count" owner="common">
<kw name="Get Element Count" owner="common">
<kw name="Get Element Count" owner="common">
<kw name="Get Element Count" owner="common">
<kw name="Get Element Count" owner="common">
<kw name="Get Element Count" owner="common">
<kw name="Get Element Count" owner="common">
<kw name="Get Element Count" owner="common">
<kw name="Get Element Count" owner="common">
<kw name="Get Element Count" owner="common">
<kw name="Get Element Count" owner="common">
<kw name="Get Element Count" owner="common">
<kw name="Get Element Count" owner="common">
<msg time="2026-02-10T21:39:50.632536" level="FAIL">Recursive execution stopped.</msg>
<var>${count}</var>
<arg>${locator}</arg>
<doc>Retorna quantidade de elementos</doc>
<status status="FAIL" start="2026-02-10T21:39:50.632145" elapsed="0.000438">Recursive execution stopped.</status>
</kw>
<return>
<value>${count}</value>
<status status="NOT RUN" start="2026-02-10T21:39:50.632714" elapsed="0.000055"/>
</return>
<var>${count}</var>
<arg>${locator}</arg>
<doc>Retorna quantidade de elementos</doc>
<status status="FAIL" start="2026-02-10T21:39:50.631977" elapsed="0.000991">Recursive execution stopped.</status>
</kw>
<return>
<value>${count}</value>
<status status="NOT RUN" start="2026-02-10T21:39:50.633056" elapsed="0.000029"/>
</return>
<var>${count}</var>
<arg>${locator}</arg>
<doc>Retorna quantidade de elementos</doc>
<status status="FAIL" start="2026-02-10T21:39:50.631816" elapsed="0.001408">Recursive execution stopped.</status>
</kw>
<return>
<value>${count}</value>
<status status="NOT RUN" start="2026-02-10T21:39:50.633317" elapsed="0.000022"/>
</return>
<var>${count}</var>
<arg>${locator}</arg>
<doc>Retorna quantidade de elementos</doc>
<status status="FAIL" start="2026-02-10T21:39:50.631570" elapsed="0.001918">Recursive execution stopped.</status>
</kw>
<return>
<value>${count}</value>
<status status="NOT RUN" start="2026-02-10T21:39:50.633570" elapsed="0.000038"/>
</return>
<var>${count}</var>
<arg>${locator}</arg>
<doc>Retorna quantidade de elementos</doc>
<status status="FAIL" start="2026-02-10T21:39:50.631249" elapsed="0.002527">Recursive execution stopped.</status>
</kw>
<return>
<value>${count}</value>
<status status="NOT RUN" start="2026-02-10T21:39:50.633902" elapsed="0.000019"/>
</return>
<var>${count}</var>
<arg>${locator}</arg>
<doc>Retorna quantidade de elementos</doc>
<status status="FAIL" start="2026-02-10T21:39:50.631066" elapsed="0.002983">Recursive execution stopped.</status>
</kw>
<return>
<value>${count}</value>
<status status="NOT RUN" start="2026-02-10T21:39:50.634123" elapsed="0.000019"/>
</return>
<var>${count}</var>
<arg>${locator}</arg>
<doc>Retorna quantidade de elementos</doc>
<status status="FAIL" start="2026-02-10T21:39:50.630901" elapsed="0.003361">Recursive execution stopped.</status>
</kw>
<return>
<value>${count}</value>
<status status="NOT RUN" start="2026-02-10T21:39:50.634334" elapsed="0.000017"/>
</return>
<var>${count}</var>
<arg>${locator}</arg>
<doc>Retorna quantidade de elementos</doc>
<status status="FAIL" start="2026-02-10T21:39:50.630737" elapsed="0.003735">Recursive execution stopped.</status>
</kw>
<return>
<value>${count}</value>
<status status="NOT RUN" start="2026-02-10T21:39:50.634544" elapsed="0.000017"/>
</return>
<var>${count}</var>
<arg>${locator}</arg>
<doc>Retorna quantidade de elementos</doc>
<status status="FAIL" start="2026-02-10T21:39:50.630571" elapsed="0.004109">Recursive execution stopped.</status>
</kw>
<return>
<value>${count}</value>
<status status="NOT RUN" start="2026-02-10T21:39:50.634753" elapsed="0.000018"/>
</return>
<var>${count}</var>
<arg>${locator}</arg>
<doc>Retorna quantidade de elementos</doc>
<status status="FAIL" start="2026-02-10T21:39:50.630401" elapsed="0.004487">Recursive execution stopped.</status>
</kw>
<return>
<value>${count}</value>
<status status="NOT RUN" start="2026-02-10T21:39:50.634959" elapsed="0.000016"/>
</return>
<var>${count}</var>
<arg>${locator}</arg>
<doc>Retorna quantidade de elementos</doc>
<status status="FAIL" start="2026-02-10T21:39:50.630238" elapsed="0.004858">Recursive execution stopped.</status>
</kw>
<return>
<value>${count}</value>
<status status="NOT RUN" start="2026-02-10T21:39:50.635168" elapsed="0.000017"/>
</return>
<var>${count}</var>
<arg>${locator}</arg>
<doc>Retorna quantidade de elementos</doc>
<status status="FAIL" start="2026-02-10T21:39:50.630075" elapsed="0.005227">Recursive execution stopped.</status>
</kw>
<return>
<value>${count}</value>
<status status="NOT RUN" start="2026-02-10T21:39:50.635374" elapsed="0.000018"/>
</return>
<var>${count}</var>
<arg>${locator}</arg>
<doc>Retorna quantidade de elementos</doc>
<status status="FAIL" start="2026-02-10T21:39:50.629913" elapsed="0.005605">Recursive execution stopped.</status>
</kw>
<return>
<value>${count}</value>
<status status="NOT RUN" start="2026-02-10T21:39:50.635588" elapsed="0.000016"/>
</return>
<var>${count}</var>
<arg>${locator}</arg>
<doc>Retorna quantidade de elementos</doc>
<status status="FAIL" start="2026-02-10T21:39:50.629742" elapsed="0.005978">Recursive execution stopped.</status>
</kw>
<return>
<value>${count}</value>
<status status="NOT RUN" start="2026-02-10T21:39:50.635789" elapsed="0.000016"/>
</return>
<var>${count}</var>
<arg>${locator}</arg>
<doc>Retorna quantidade de elementos</doc>
<status status="FAIL" start="2026-02-10T21:39:50.629569" elapsed="0.006352">Recursive execution stopped.</status>
</kw>
<return>
<value>${count}</value>
<status status="NOT RUN" start="2026-02-10T21:39:50.635988" elapsed="0.000016"/>
</return>
<var>${count}</var>
<arg>${locator}</arg>
<doc>Retorna quantidade de elementos</doc>
<status status="FAIL" start="2026-02-10T21:39:50.629397" elapsed="0.006722">Recursive execution stopped.</status>
</kw>
<return>
<value>${count}</value>
<status status="NOT RUN" start="2026-02-10T21:39:50.636188" elapsed="0.000015"/>
</return>
<var>${count}</var>
<arg>${locator}</arg>
<doc>Retorna quantidade de elementos</doc>
<status status="FAIL" start="2026-02-10T21:39:50.629202" elapsed="0.007148">Recursive execution stopped.</status>
</kw>
<return>
<value>${count}</value>
<status status="NOT RUN" start="2026-02-10T21:39:50.636446" elapsed="0.000021"/>
</return>
<var>${count}</var>
<arg>${locator}</arg>
<doc>Retorna quantidade de elementos</doc>
<status status="FAIL" start="2026-02-10T21:39:50.628776" elapsed="0.007816">Recursive execution stopped.</status>
</kw>
<return>
<value>${count}</value>
<status status="NOT RUN" start="2026-02-10T21:39:50.636726" elapsed="0.000018"/>
</return>
<var>${count}</var>
<arg>${locator}</arg>
<doc>Retorna quantidade de elementos</doc>
<status status="FAIL" start="2026-02-10T21:39:50.628547" elapsed="0.008334">Recursive execution stopped.</status>
</kw>
<return>
<value>${count}</value>
<status status="NOT RUN" start="2026-02-10T21:39:50.636950" elapsed="0.000015"/>
</return>
<var>${count}</var>
<arg>${locator}</arg>
<doc>Retorna quantidade de elementos</doc>
<status status="FAIL" start="2026-02-10T21:39:50.628374" elapsed="0.008704">Recursive execution stopped.</status>
</kw>
<return>
<value>${count}</value>
<status status="NOT RUN" start="2026-02-10T21:39:50.637147" elapsed="0.000017"/>
</return>
<var>${count}</var>
<arg>${locator}</arg>
<doc>Retorna quantidade de elementos</doc>
<status status="FAIL" start="2026-02-10T21:39:50.628215" elapsed="0.009062">Recursive execution stopped.</status>
</kw>
<return>
<value>${count}</value>
<status status="NOT RUN" start="2026-02-10T21:39:50.637343" elapsed="0.000016"/>
</return>
<var>${count}</var>
<arg>${locator}</arg>
<doc>Retorna quantidade de elementos</doc>
<status status="FAIL" start="2026-02-10T21:39:50.628050" elapsed="0.009420">Recursive execution stopped.</status>
</kw>
<return>
<value>${count}</value>
<status status="NOT RUN" start="2026-02-10T21:39:50.637539" elapsed="0.000016"/>
</return>
<var>${count}</var>
<arg>${locator}</arg>
<doc>Retorna quantidade de elementos</doc>
<status status="FAIL" start="2026-02-10T21:39:50.627881" elapsed="0.009785">Recursive execution stopped.</status>
</kw>
<return>
<value>${count}</value>
<status status="NOT RUN" start="2026-02-10T21:39:50.637732" elapsed="0.000016"/>
</return>
<var>${count}</var>
<arg>${locator}</arg>
<doc>Retorna quantidade de elementos</doc>
<status status="FAIL" start="2026-02-10T21:39:50.627717" elapsed="0.010140">Recursive execution stopped.</status>
</kw>
<return>
<value>${count}</value>
<status status="NOT RUN" start="2026-02-10T21:39:50.637924" elapsed="0.000017"/>
</return>
<var>${count}</var>
<arg>${locator}</arg>
<doc>Retorna quantidade de elementos</doc>
<status status="FAIL" start="2026-02-10T21:39:50.627546" elapsed="0.010508">Recursive execution stopped.</status>
</kw>
<return>
<value>${count}</value>
<status status="NOT RUN" start="2026-02-10T21:39:50.638119" elapsed="0.000016"/>
</return>
<var>${count}</var>
<arg>${locator}</arg>
<doc>Retorna quantidade de elementos</doc>
<status status="FAIL" start="2026-02-10T21:39:50.627382" elapsed="0.010863">Recursive execution stopped.</status>
</kw>
<return>
<value>${count}</value>
<status status="NOT RUN" start="2026-02-10T21:39:50.638310" elapsed="0.000015"/>
</return>
<var>${count}</var>
<arg>${locator}</arg>
<doc>Retorna quantidade de elementos</doc>
<status status="FAIL" start="2026-02-10T21:39:50.627218" elapsed="0.011218">Recursive execution stopped.</status>
</kw>
<return>
<value>${count}</value>
<status status="NOT RUN" start="2026-02-10T21:39:50.638503" elapsed="0.000017"/>
</return>
<var>${count}</var>
<arg>${locator}</arg>
<doc>Retorna quantidade de elementos</doc>
<status status="FAIL" start="2026-02-10T21:39:50.627054" elapsed="0.011574">Recursive execution stopped.</status>
</kw>
<return>
<value>${count}</value>
<status status="NOT RUN" start="2026-02-10T21:39:50.638693" elapsed="0.000016"/>
</return>
<var>${count}</var>
<arg>${locator}</arg>
<doc>Retorna quantidade de elementos</doc>
<status status="FAIL" start="2026-02-10T21:39:50.626888" elapsed="0.011929">Recursive execution stopped.</status>
</kw>
<return>
<value>${count}</value>
<status status="NOT RUN" start="2026-02-10T21:39:50.638883" elapsed="0.000016"/>
</return>
<var>${count}</var>
<arg>${locator}</arg>
<doc>Retorna quantidade de elementos</doc>
<status status="FAIL" start="2026-02-10T21:39:50.626721" elapsed="0.012283">Recursive execution stopped.</status>
</kw>
<return>
<value>${count}</value>
<status status="NOT RUN" start="2026-02-10T21:39:50.639081" elapsed="0.000026"/>
</return>
<var>${count}</var>
<arg>${locator}</arg>
<doc>Retorna quantidade de elementos</doc>
<status status="FAIL" start="2026-02-10T21:39:50.626412" elapsed="0.012835">Recursive execution stopped.</status>
</kw>
<return>
<value>${count}</value>
<status status="NOT RUN" start="2026-02-10T21:39:50.639342" elapsed="0.000016"/>
</return>
<var>${count}</var>
<arg>${locator}</arg>
<doc>Retorna quantidade de elementos</doc>
<status status="FAIL" start="2026-02-10T21:39:50.626161" elapsed="0.013339">Recursive execution stopped.</status>
</kw>
<return>
<value>${count}</value>
<status status="NOT RUN" start="2026-02-10T21:39:50.639571" elapsed="0.000015"/>
</return>
<var>${count}</var>
<arg>${locator}</arg>
<doc>Retorna quantidade de elementos</doc>
<status status="FAIL" start="2026-02-10T21:39:50.625990" elapsed="0.013701">Recursive execution stopped.</status>
</kw>
<return>
<value>${count}</value>
<status status="NOT RUN" start="2026-02-10T21:39:50.639754" elapsed="0.000016"/>
</return>
<var>${count}</var>
<arg>${locator}</arg>
<doc>Retorna quantidade de elementos</doc>
<status status="FAIL" start="2026-02-10T21:39:50.625821" elapsed="0.014054">Recursive execution stopped.</status>
</kw>
<return>
<value>${count}</value>
<status status="NOT RUN" start="2026-02-10T21:39:50.639937" elapsed="0.000015"/>
</return>
<var>${count}</var>
<arg>${locator}</arg>
<doc>Retorna quantidade de elementos</doc>
<status status="FAIL" start="2026-02-10T21:39:50.625646" elapsed="0.014410">Recursive execution stopped.</status>
</kw>
<return>
<value>${count}</value>
<status status="NOT RUN" start="2026-02-10T21:39:50.640120" elapsed="0.000015"/>
</return>
<var>${count}</var>
<arg>${locator}</arg>
<doc>Retorna quantidade de elementos</doc>
<status status="FAIL" start="2026-02-10T21:39:50.625488" elapsed="0.014750">Recursive execution stopped.</status>
</kw>
<return>
<value>${count}</value>
<status status="NOT RUN" start="2026-02-10T21:39:50.640300" elapsed="0.000016"/>
</return>
<var>${count}</var>
<arg>${locator}</arg>
<doc>Retorna quantidade de elementos</doc>
<status status="FAIL" start="2026-02-10T21:39:50.625316" elapsed="0.015101">Recursive execution stopped.</status>
</kw>
<return>
<value>${count}</value>
<status status="NOT RUN" start="2026-02-10T21:39:50.640478" elapsed="0.000015"/>
</return>
<var>${count}</var>
<arg>${locator}</arg>
<doc>Retorna quantidade de elementos</doc>
<status status="FAIL" start="2026-02-10T21:39:50.625150" elapsed="0.015446">Recursive execution stopped.</status>
</kw>
<return>
<value>${count}</value>
<status status="NOT RUN" start="2026-02-10T21:39:50.640662" elapsed="0.000015"/>
</return>
<var>${count}</var>
<arg>${locator}</arg>
<doc>Retorna quantidade de elementos</doc>
<status status="FAIL" start="2026-02-10T21:39:50.624985" elapsed="0.015793">Recursive execution stopped.</status>
</kw>
<return>
<value>${count}</value>
<status status="NOT RUN" start="2026-02-10T21:39:50.640840" elapsed="0.000014"/>
</return>
<var>${count}</var>
<arg>${locator}</arg>
<doc>Retorna quantidade de elementos</doc>
<status status="FAIL" start="2026-02-10T21:39:50.624820" elapsed="0.016138">Recursive execution stopped.</status>
</kw>
<return>
<value>${count}</value>
<status status="NOT RUN" start="2026-02-10T21:39:50.641019" elapsed="0.000014"/>
</return>
<var>${count}</var>
<arg>${locator}</arg>
<doc>Retorna quantidade de elementos</doc>
<status status="FAIL" start="2026-02-10T21:39:50.624655" elapsed="0.016477">Recursive execution stopped.</status>
</kw>
<return>
<value>${count}</value>
<status status="NOT RUN" start="2026-02-10T21:39:50.641193" elapsed="0.000014"/>
</return>
<var>${count}</var>
<arg>${locator}</arg>
<doc>Retorna quantidade de elementos</doc>
<status status="FAIL" start="2026-02-10T21:39:50.624490" elapsed="0.016817">Recursive execution stopped.</status>
</kw>
<return>
<value>${count}</value>
<status status="NOT RUN" start="2026-02-10T21:39:50.641380" elapsed="0.000015"/>
</return>
<var>${count}</var>
<arg>${locator}</arg>
<doc>Retorna quantidade de elementos</doc>
<status status="FAIL" start="2026-02-10T21:39:50.624316" elapsed="0.017180">Recursive execution stopped.</status>
</kw>
<return>
<value>${count}</value>
<status status="NOT RUN" start="2026-02-10T21:39:50.641569" elapsed="0.000016"/>
</return>
<var>${count}</var>
<arg>${locator}</arg>
<doc>Retorna quantidade de elementos</doc>
<status status="FAIL" start="2026-02-10T21:39:50.624045" elapsed="0.017661">Recursive execution stopped.</status>
</kw>
<return>
<value>${count}</value>
<status status="NOT RUN" start="2026-02-10T21:39:50.641771" elapsed="0.000032"/>
</return>
<var>${count}</var>
<arg>${locator}</arg>
<doc>Retorna quantidade de elementos</doc>
<status status="FAIL" start="2026-02-10T21:39:50.623691" elapsed="0.018232">Recursive execution stopped.</status>
</kw>
<return>
<value>${count}</value>
<status status="NOT RUN" start="2026-02-10T21:39:50.642049" elapsed="0.000016"/>
</return>
<var>${count}</var>
<arg>${locator}</arg>
<doc>Retorna quantidade de elementos</doc>
<status status="FAIL" start="2026-02-10T21:39:50.623505" elapsed="0.018658">Recursive execution stopped.</status>
</kw>
<return>
<value>${count}</value>
<status status="NOT RUN" start="2026-02-10T21:39:50.642222" elapsed="0.000015"/>
</return>
<var>${count}</var>
<arg>${locator}</arg>
<doc>Retorna quantidade de elementos</doc>
<status status="FAIL" start="2026-02-10T21:39:50.623342" elapsed="0.018993">Recursive execution stopped.</status>
</kw>
<return>
<value>${count}</value>
<status status="NOT RUN" start="2026-02-10T21:39:50.642394" elapsed="0.000014"/>
</return>
<var>${count}</var>
<arg>${locator}</arg>
<doc>Retorna quantidade de elementos</doc>
<status status="FAIL" start="2026-02-10T21:39:50.623175" elapsed="0.019329">Recursive execution stopped.</status>
</kw>
<return>
<value>${count}</value>
<status status="NOT RUN" start="2026-02-10T21:39:50.642563" elapsed="0.000014"/>
</return>
<var>${count}</var>
<arg>${locator}</arg>
<doc>Retorna quantidade de elementos</doc>
<status status="FAIL" start="2026-02-10T21:39:50.623007" elapsed="0.019667">Recursive execution stopped.</status>
</kw>
<return>
<value>${count}</value>
<status status="NOT RUN" start="2026-02-10T21:39:50.642733" elapsed="0.000014"/>
</return>
<var>${count}</var>
<arg>${locator}</arg>
<doc>Retorna quantidade de elementos</doc>
<status status="FAIL" start="2026-02-10T21:39:50.622834" elapsed="0.020007">Recursive execution stopped.</status>
</kw>
<return>
<value>${count}</value>
<status status="NOT RUN" start="2026-02-10T21:39:50.642899" elapsed="0.000015"/>
</return>
<var>${count}</var>
<arg>${locator}</arg>
<doc>Retorna quantidade de elementos</doc>
<status status="FAIL" start="2026-02-10T21:39:50.622663" elapsed="0.020347">Recursive execution stopped.</status>
</kw>
<return>
<value>${count}</value>
<status status="NOT RUN" start="2026-02-10T21:39:50.643080" elapsed="0.000014"/>
</return>
<var>${count}</var>
<arg>${locator}</arg>
<doc>Retorna quantidade de elementos</doc>
<status status="FAIL" start="2026-02-10T21:39:50.622498" elapsed="0.020690">Recursive execution stopped.</status>
</kw>
<return>
<value>${count}</value>
<status status="NOT RUN" start="2026-02-10T21:39:50.643248" elapsed="0.000014"/>
</return>
<var>${count}</var>
<arg>${locator}</arg>
<doc>Retorna quantidade de elementos</doc>
<status status="FAIL" start="2026-02-10T21:39:50.622333" elapsed="0.021022">Recursive execution stopped.</status>
</kw>
<return>
<value>${count}</value>
<status status="NOT RUN" start="2026-02-10T21:39:50.643413" elapsed="0.000015"/>
</return>
<var>${count}</var>
<arg>${locator}</arg>
<doc>Retorna quantidade de elementos</doc>
<status status="FAIL" start="2026-02-10T21:39:50.622156" elapsed="0.021370">Recursive execution stopped.</status>
</kw>
<return>
<value>${count}</value>
<status status="NOT RUN" start="2026-02-10T21:39:50.643589" elapsed="0.000015"/>
</return>
<var>${count}</var>
<arg>${locator}</arg>
<doc>Retorna quantidade de elementos</doc>
<status status="FAIL" start="2026-02-10T21:39:50.621985" elapsed="0.021713">Recursive execution stopped.</status>
</kw>
<return>
<value>${count}</value>
<status status="NOT RUN" start="2026-02-10T21:39:50.643757" elapsed="0.000015"/>
</return>
<var>${count}</var>
<arg>${locator}</arg>
<doc>Retorna quantidade de elementos</doc>
<status status="FAIL" start="2026-02-10T21:39:50.621812" elapsed="0.022058">Recursive execution stopped.</status>
</kw>
<return>
<value>${count}</value>
<status status="NOT RUN" start="2026-02-10T21:39:50.643931" elapsed="0.000014"/>
</return>
<var>${count}</var>
<arg>${locator}</arg>
<doc>Retorna quantidade de elementos</doc>
<status status="FAIL" start="2026-02-10T21:39:50.621607" elapsed="0.022463">Recursive execution stopped.</status>
</kw>
<return>
<value>${count}</value>
<status status="NOT RUN" start="2026-02-10T21:39:50.644142" elapsed="0.000020"/>
</return>
<var>${count}</var>
<arg>${locator}</arg>
<doc>Retorna quantidade de elementos</doc>
<status status="FAIL" start="2026-02-10T21:39:50.621178" elapsed="0.023086">Recursive execution stopped.</status>
</kw>
<return>
<value>${count}</value>
<status status="NOT RUN" start="2026-02-10T21:39:50.644394" elapsed="0.000018"/>
</return>
<var>${count}</var>
<arg>${locator}</arg>
<doc>Retorna quantidade de elementos</doc>
<status status="FAIL" start="2026-02-10T21:39:50.620938" elapsed="0.023590">Recursive execution stopped.</status>
</kw>
<return>
<value>${count}</value>
<status status="NOT RUN" start="2026-02-10T21:39:50.644586" elapsed="0.000020"/>
</return>
<var>${count}</var>
<arg>${locator}</arg>
<doc>Retorna quantidade de elementos</doc>
<status status="FAIL" start="2026-02-10T21:39:50.620774" elapsed="0.023921">Recursive execution stopped.</status>
</kw>
<return>
<value>${count}</value>
<status status="NOT RUN" start="2026-02-10T21:39:50.644751" elapsed="0.000015"/>
</return>
<var>${count}</var>
<arg>${locator}</arg>
<doc>Retorna quantidade de elementos</doc>
<status status="FAIL" start="2026-02-10T21:39:50.620580" elapsed="0.024277">Recursive execution stopped.</status>
</kw>
<return>
<value>${count}</value>
<status status="NOT RUN" start="2026-02-10T21:39:50.644913" elapsed="0.000014"/>
</return>
<var>${count}</var>
<arg>${locator}</arg>
<doc>Retorna quantidade de elementos</doc>
<status status="FAIL" start="2026-02-10T21:39:50.620415" elapsed="0.024602">Recursive execution stopped.</status>
</kw>
<return>
<value>${count}</value>
<status status="NOT RUN" start="2026-02-10T21:39:50.645071" elapsed="0.000015"/>
</return>
<var>${count}</var>
<arg>${locator}</arg>
<doc>Retorna quantidade de elementos</doc>
<status status="FAIL" start="2026-02-10T21:39:50.620245" elapsed="0.024931">Recursive execution stopped.</status>
</kw>
<return>
<value>${count}</value>
<status status="NOT RUN" start="2026-02-10T21:39:50.645234" elapsed="0.000014"/>
</return>
<var>${count}</var>
<arg>${locator}</arg>
<doc>Retorna quantidade de elementos</doc>
<status status="FAIL" start="2026-02-10T21:39:50.620084" elapsed="0.025251">Recursive execution stopped.</status>
</kw>
<return>
<value>${count}</value>
<status status="NOT RUN" start="2026-02-10T21:39:50.645391" elapsed="0.000016"/>
</return>
<var>${count}</var>
<arg>${locator}</arg>
<doc>Retorna quantidade de elementos</doc>
<status status="FAIL" start="2026-02-10T21:39:50.619916" elapsed="0.025578">Recursive execution stopped.</status>
</kw>
<return>
<value>${count}</value>
<status status="NOT RUN" start="2026-02-10T21:39:50.645546" elapsed="0.000018"/>
</return>
<var>${count}</var>
<arg>${locator}</arg>
<doc>Retorna quantidade de elementos</doc>
<status status="FAIL" start="2026-02-10T21:39:50.619748" elapsed="0.025903">Recursive execution stopped.</status>
</kw>
<return>
<value>${count}</value>
<status status="NOT RUN" start="2026-02-10T21:39:50.645705" elapsed="0.000013"/>
</return>
<var>${count}</var>
<arg>${locator}</arg>
<doc>Retorna quantidade de elementos</doc>
<status status="FAIL" start="2026-02-10T21:39:50.619572" elapsed="0.026232">Recursive execution stopped.</status>
</kw>
<return>
<value>${count}</value>
<status status="NOT RUN" start="2026-02-10T21:39:50.645871" elapsed="0.000014"/>
</return>
<var>${count}</var>
<arg>${locator}</arg>
<doc>Retorna quantidade de elementos</doc>
<status status="FAIL" start="2026-02-10T21:39:50.619396" elapsed="0.026575">Recursive execution stopped.</status>
</kw>
<return>
<value>${count}</value>
<status status="NOT RUN" start="2026-02-10T21:39:50.646025" elapsed="0.000013"/>
</return>
<var>${count}</var>
<arg>${locator}</arg>
<doc>Retorna quantidade de elementos</doc>
<status status="FAIL" start="2026-02-10T21:39:50.619230" elapsed="0.026893">Recursive execution stopped.</status>
</kw>
<return>
<value>${count}</value>
<status status="NOT RUN" start="2026-02-10T21:39:50.646177" elapsed="0.000013"/>
</return>
<var>${count}</var>
<arg>${locator}</arg>
<doc>Retorna quantidade de elementos</doc>
<status status="FAIL" start="2026-02-10T21:39:50.619058" elapsed="0.027216">Recursive execution stopped.</status>
</kw>
<return>
<value>${count}</value>
<status status="NOT RUN" start="2026-02-10T21:39:50.646337" elapsed="0.000021"/>
</return>
<var>${count}</var>
<arg>${locator}</arg>
<doc>Retorna quantidade de elementos</doc>
<status status="FAIL" start="2026-02-10T21:39:50.618729" elapsed="0.027740">Recursive execution stopped.</status>
</kw>
<return>
<value>${count}</value>
<status status="NOT RUN" start="2026-02-10T21:39:50.646548" elapsed="0.000014"/>
</return>
<var>${count}</var>
<arg>${locator}</arg>
<doc>Retorna quantidade de elementos</doc>
<status status="FAIL" start="2026-02-10T21:39:50.618473" elapsed="0.028197">Recursive execution stopped.</status>
</kw>
<return>
<value>${count}</value>
<status status="NOT RUN" start="2026-02-10T21:39:50.646733" elapsed="0.000014"/>
</return>
<var>${count}</var>
<arg>${locator}</arg>
<doc>Retorna quantidade de elementos</doc>
<status status="FAIL" start="2026-02-10T21:39:50.618298" elapsed="0.028532">Recursive execution stopped.</status>
</kw>
<return>
<value>${count}</value>
<status status="NOT RUN" start="2026-02-10T21:39:50.646882" elapsed="0.000014"/>
</return>
<var>${count}</var>
<arg>${locator}</arg>
<doc>Retorna quantidade de elementos</doc>
<status status="FAIL" start="2026-02-10T21:39:50.618135" elapsed="0.028843">Recursive execution stopped.</status>
</kw>
<return>
<value>${count}</value>
<status status="NOT RUN" start="2026-02-10T21:39:50.647031" elapsed="0.000013"/>
</return>
<var>${count}</var>
<arg>${locator}</arg>
<doc>Retorna quantidade de elementos</doc>
<status status="FAIL" start="2026-02-10T21:39:50.617968" elapsed="0.029155">Recursive execution stopped.</status>
</kw>
<return>
<value>${count}</value>
<status status="NOT RUN" start="2026-02-10T21:39:50.647174" elapsed="0.000013"/>
</return>
<var>${count}</var>
<arg>${locator}</arg>
<doc>Retorna quantidade de elementos</doc>
<status status="FAIL" start="2026-02-10T21:39:50.617810" elapsed="0.029457">Recursive execution stopped.</status>
</kw>
<return>
<value>${count}</value>
<status status="NOT RUN" start="2026-02-10T21:39:50.647318" elapsed="0.000013"/>
</return>
<var>${count}</var>
<arg>${locator}</arg>
<doc>Retorna quantidade de elementos</doc>
<status status="FAIL" start="2026-02-10T21:39:50.617650" elapsed="0.029761">Recursive execution stopped.</status>
</kw>
<return>
<value>${count}</value>
<status status="NOT RUN" start="2026-02-10T21:39:50.647462" elapsed="0.000013"/>
</return>
<var>${count}</var>
<arg>${locator}</arg>
<doc>Retorna quantidade de elementos</doc>
<status status="FAIL" start="2026-02-10T21:39:50.617486" elapsed="0.030074">Recursive execution stopped.</status>
</kw>
<return>
<value>${count}</value>
<status status="NOT RUN" start="2026-02-10T21:39:50.647610" elapsed="0.000013"/>
</return>
<var>${count}</var>
<arg>${locator}</arg>
<doc>Retorna quantidade de elementos</doc>
<status status="FAIL" start="2026-02-10T21:39:50.617323" elapsed="0.030380">Recursive execution stopped.</status>
</kw>
<return>
<value>${count}</value>
<status status="NOT RUN" start="2026-02-10T21:39:50.647758" elapsed="0.000012"/>
</return>
<var>${count}</var>
<arg>${locator}</arg>
<doc>Retorna quantidade de elementos</doc>
<status status="FAIL" start="2026-02-10T21:39:50.617153" elapsed="0.030701">Recursive execution stopped.</status>
</kw>
<return>
<value>${count}</value>
<status status="NOT RUN" start="2026-02-10T21:39:50.647906" elapsed="0.000014"/>
</return>
<var>${count}</var>
<arg>${locator}</arg>
<doc>Retorna quantidade de elementos</doc>
<status status="FAIL" start="2026-02-10T21:39:50.616994" elapsed="0.031003">Recursive execution stopped.</status>
</kw>
<return>
<value>${count}</value>
<status status="NOT RUN" start="2026-02-10T21:39:50.648047" elapsed="0.000013"/>
</return>
<var>${count}</var>
<arg>${locator}</arg>
<doc>Retorna quantidade de elementos</doc>
<status status="FAIL" start="2026-02-10T21:39:50.616833" elapsed="0.031306">Recursive execution stopped.</status>
</kw>
<return>
<value>${count}</value>
<status status="NOT RUN" start="2026-02-10T21:39:50.648189" elapsed="0.000013"/>
</return>
<var>${count}</var>
<arg>${locator}</arg>
<doc>Retorna quantidade de elementos</doc>
<status status="FAIL" start="2026-02-10T21:39:50.616663" elapsed="0.031615">Recursive execution stopped.</status>
</kw>
<return>
<value>${count}</value>
<status status="NOT RUN" start="2026-02-10T21:39:50.648339" elapsed="0.000014"/>
</return>
<var>${count}</var>
<arg>${locator}</arg>
<doc>Retorna quantidade de elementos</doc>
<status status="FAIL" start="2026-02-10T21:39:50.616401" elapsed="0.032053">Recursive execution stopped.</status>
</kw>
<return>
<value>${count}</value>
<status status="NOT RUN" start="2026-02-10T21:39:50.648509" elapsed="0.000028"/>
</return>
<var>${count}</var>
<arg>${locator}</arg>
<doc>Retorna quantidade de elementos</doc>
<status status="FAIL" start="2026-02-10T21:39:50.616053" elapsed="0.032588">Recursive execution stopped.</status>
</kw>
<return>
<value>${count}</value>
<status status="NOT RUN" start="2026-02-10T21:39:50.648731" elapsed="0.000014"/>
</return>
<var>${count}</var>
<arg>${locator}</arg>
<doc>Retorna quantidade de elementos</doc>
<status status="FAIL" start="2026-02-10T21:39:50.615864" elapsed="0.032956">Recursive execution stopped.</status>
</kw>
<return>
<value>${count}</value>
<status status="NOT RUN" start="2026-02-10T21:39:50.648869" elapsed="0.000013"/>
</return>
<var>${count}</var>
<arg>${locator}</arg>
<doc>Retorna quantidade de elementos</doc>
<status status="FAIL" start="2026-02-10T21:39:50.615699" elapsed="0.033259">Recursive execution stopped.</status>
</kw>
<return>
<value>${count}</value>
<status status="NOT RUN" start="2026-02-10T21:39:50.649005" elapsed="0.000013"/>
</return>
<var>${count}</var>
<arg>${locator}</arg>
<doc>Retorna quantidade de elementos</doc>
<status status="FAIL" start="2026-02-10T21:39:50.615532" elapsed="0.033559">Recursive execution stopped.</status>
</kw>
<return>
<value>${count}</value>
<status status="NOT RUN" start="2026-02-10T21:39:50.649139" elapsed="0.000013"/>
</return>
<var>${count}</var>
<arg>${locator}</arg>
<doc>Retorna quantidade de elementos</doc>
<status status="FAIL" start="2026-02-10T21:39:50.615373" elapsed="0.033852">Recursive execution stopped.</status>
</kw>
<return>
<value>${count}</value>
<status status="NOT RUN" start="2026-02-10T21:39:50.649272" elapsed="0.000011"/>
</return>
<var>${count}</var>
<arg>${locator}</arg>
<doc>Retorna quantidade de elementos</doc>
<status status="FAIL" start="2026-02-10T21:39:50.615205" elapsed="0.034151">Recursive execution stopped.</status>
</kw>
<return>
<value>${count}</value>
<status status="NOT RUN" start="2026-02-10T21:39:50.649403" elapsed="0.000012"/>
</return>
<var>${count}</var>
<arg>${locator}</arg>
<doc>Retorna quantidade de elementos</doc>
<status status="FAIL" start="2026-02-10T21:39:50.615041" elapsed="0.034445">Recursive execution stopped.</status>
</kw>
<return>
<value>${count}</value>
<status status="NOT RUN" start="2026-02-10T21:39:50.649532" elapsed="0.000012"/>
</return>
<var>${count}</var>
<arg>${locator}</arg>
<doc>Retorna quantidade de elementos</doc>
<status status="FAIL" start="2026-02-10T21:39:50.614880" elapsed="0.034735">Recursive execution stopped.</status>
</kw>
<return>
<value>${count}</value>
<status status="NOT RUN" start="2026-02-10T21:39:50.649673" elapsed="0.000014"/>
</return>
<var>${count}</var>
<arg>${locator}</arg>
<doc>Retorna quantidade de elementos</doc>
<status status="FAIL" start="2026-02-10T21:39:50.614716" elapsed="0.035041">Recursive execution stopped.</status>
</kw>
<return>
<value>${count}</value>
<status status="NOT RUN" start="2026-02-10T21:39:50.649803" elapsed="0.000013"/>
</return>
<var>${count}</var>
<arg>${locator}</arg>
<doc>Retorna quantidade de elementos</doc>
<status status="FAIL" start="2026-02-10T21:39:50.614552" elapsed="0.035334">Recursive execution stopped.</status>
</kw>
<return>
<value>${count}</value>
<status status="NOT RUN" start="2026-02-10T21:39:50.649932" elapsed="0.000012"/>
</return>
<var>${count}</var>
<arg>${locator}</arg>
<doc>Retorna quantidade de elementos</doc>
<status status="FAIL" start="2026-02-10T21:39:50.614394" elapsed="0.035620">Recursive execution stopped.</status>
</kw>
<return>
<value>${count}</value>
<status status="NOT RUN" start="2026-02-10T21:39:50.650061" elapsed="0.000012"/>
</return>
<var>${count}</var>
<arg>${locator}</arg>
<doc>Retorna quantidade de elementos</doc>
<status status="FAIL" start="2026-02-10T21:39:50.614231" elapsed="0.035913">Recursive execution stopped.</status>
</kw>
<return>
<value>${count}</value>
<status status="NOT RUN" start="2026-02-10T21:39:50.650189" elapsed="0.000011"/>
</return>
<var>${count}</var>
<arg>${locator}</arg>
<doc>Retorna quantidade de elementos</doc>
<status status="FAIL" start="2026-02-10T21:39:50.614021" elapsed="0.036275">Recursive execution stopped.</status>
</kw>
<return>
<value>${count}</value>
<status status="NOT RUN" start="2026-02-10T21:39:50.650356" elapsed="0.000017"/>
</return>
<var>${count}</var>
<arg>${locator}</arg>
<doc>Retorna quantidade de elementos</doc>
<status status="FAIL" start="2026-02-10T21:39:50.613588" elapsed="0.036861">Recursive execution stopped.</status>
</kw>
<return>
<value>${count}</value>
<status status="NOT RUN" start="2026-02-10T21:39:50.650550" elapsed="0.000013"/>
</return>
<var>${count}</var>
<arg>${locator}</arg>
<doc>Retorna quantidade de elementos</doc>
<status status="FAIL" start="2026-02-10T21:39:50.613345" elapsed="0.037304">Recursive execution stopped.</status>
</kw>
<return>
<value>${count}</value>
<status status="NOT RUN" start="2026-02-10T21:39:50.650694" elapsed="0.000012"/>
</return>
<var>${count}</var>
<arg>${locator}</arg>
<doc>Retorna quantidade de elementos</doc>
<status status="FAIL" start="2026-02-10T21:39:50.613180" elapsed="0.037592">Recursive execution stopped.</status>
</kw>
<return>
<value>${count}</value>
<status status="NOT RUN" start="2026-02-10T21:39:50.650817" elapsed="0.000013"/>
</return>
<var>${count}</var>
<arg>${locator}</arg>
<doc>Retorna quantidade de elementos</doc>
<status status="FAIL" start="2026-02-10T21:39:50.613016" elapsed="0.037883">Recursive execution stopped.</status>
</kw>
<return>
<value>${count}</value>
<status status="NOT RUN" start="2026-02-10T21:39:50.650943" elapsed="0.000012"/>
</return>
<var>${count}</var>
<arg>${locator}</arg>
<doc>Retorna quantidade de elementos</doc>
<status status="FAIL" start="2026-02-10T21:39:50.612851" elapsed="0.038169">Recursive execution stopped.</status>
</kw>
<return>
<value>${count}</value>
<status status="NOT RUN" start="2026-02-10T21:39:50.651063" elapsed="0.000013"/>
</return>
<var>${count}</var>
<arg>${locator}</arg>
<doc>Retorna quantidade de elementos</doc>
<status status="FAIL" start="2026-02-10T21:39:50.612692" elapsed="0.038450">Recursive execution stopped.</status>
</kw>
<return>
<value>${count}</value>
<status status="NOT RUN" start="2026-02-10T21:39:50.651185" elapsed="0.000012"/>
</return>
<var>${count}</var>
<arg>${locator}</arg>
<doc>Retorna quantidade de elementos</doc>
<status status="FAIL" start="2026-02-10T21:39:50.612529" elapsed="0.038732">Recursive execution stopped.</status>
</kw>
<return>
<value>${count}</value>
<status status="NOT RUN" start="2026-02-10T21:39:50.651304" elapsed="0.000013"/>
</return>
<var>${count}</var>
<arg>${locator}</arg>
<doc>Retorna quantidade de elementos</doc>
<status status="FAIL" start="2026-02-10T21:39:50.612363" elapsed="0.039026">Recursive execution stopped.</status>
</kw>
<return>
<value>${count}</value>
<status status="NOT RUN" start="2026-02-10T21:39:50.651432" elapsed="0.000011"/>
</return>
<var>${count}</var>
<arg>${locator}</arg>
<doc>Retorna quantidade de elementos</doc>
<status status="FAIL" start="2026-02-10T21:39:50.612204" elapsed="0.039303">Recursive execution stopped.</status>
</kw>
<return>
<value>${count}</value>
<status status="NOT RUN" start="2026-02-10T21:39:50.651555" elapsed="0.000012"/>
</return>
<var>${count}</var>
<arg>${locator}</arg>
<doc>Retorna quantidade de elementos</doc>
<status status="FAIL" start="2026-02-10T21:39:50.612045" elapsed="0.039591">Recursive execution stopped.</status>
</kw>
<return>
<value>${count}</value>
<status status="NOT RUN" start="2026-02-10T21:39:50.651679" elapsed="0.000012"/>
</return>
<var>${count}</var>
<arg>${locator}</arg>
<doc>Retorna quantidade de elementos</doc>
<status status="FAIL" start="2026-02-10T21:39:50.611884" elapsed="0.039871">Recursive execution stopped.</status>
</kw>
<return>
<value>${count}</value>
<status status="NOT RUN" start="2026-02-10T21:39:50.651796" elapsed="0.000012"/>
</return>
<var>${count}</var>
<arg>${locator}</arg>
<doc>Retorna quantidade de elementos</doc>
<status status="FAIL" start="2026-02-10T21:39:50.611716" elapsed="0.040153">Recursive execution stopped.</status>
</kw>
<return>
<value>${count}</value>
<status status="NOT RUN" start="2026-02-10T21:39:50.651910" elapsed="0.000012"/>
</return>
<var>${count}</var>
<arg>${locator}</arg>
<doc>Retorna quantidade de elementos</doc>
<status status="FAIL" start="2026-02-10T21:39:50.611554" elapsed="0.040429">Recursive execution stopped.</status>
</kw>
<return>
<value>${count}</value>
<status status="NOT RUN" start="2026-02-10T21:39:50.652040" elapsed="0.000018"/>
</return>
<var>${count}</var>
<arg>${locator}</arg>
<doc>Retorna quantidade de elementos</doc>
<status status="FAIL" start="2026-02-10T21:39:50.611232" elapsed="0.040924">Recursive execution stopped.</status>
</kw>
<return>
<value>${count}</value>
<status status="NOT RUN" start="2026-02-10T21:39:50.652222" elapsed="0.000011"/>
</return>
<var>${count}</var>
<arg>${locator}</arg>
<doc>Retorna quantidade de elementos</doc>
<status status="FAIL" start="2026-02-10T21:39:50.610986" elapsed="0.041331">Recursive execution stopped.</status>
</kw>
<return>
<value>${count}</value>
<status status="NOT RUN" start="2026-02-10T21:39:50.652362" elapsed="0.000012"/>
</return>
<var>${count}</var>
<arg>${locator}</arg>
<doc>Retorna quantidade de elementos</doc>
<status status="FAIL" start="2026-02-10T21:39:50.610814" elapsed="0.041621">Recursive execution stopped.</status>
</kw>
<return>
<value>${count}</value>
<status status="NOT RUN" start="2026-02-10T21:39:50.652479" elapsed="0.000013"/>
</return>
<var>${count}</var>
<arg>${locator}</arg>
<doc>Retorna quantidade de elementos</doc>
<status status="FAIL" start="2026-02-10T21:39:50.610652" elapsed="0.041899">Recursive execution stopped.</status>
</kw>
<return>
<value>${count}</value>
<status status="NOT RUN" start="2026-02-10T21:39:50.652591" elapsed="0.000012"/>
</return>
<var>${count}</var>
<arg>${locator}</arg>
<doc>Retorna quantidade de elementos</doc>
<status status="FAIL" start="2026-02-10T21:39:50.610494" elapsed="0.042168">Recursive execution stopped.</status>
</kw>
<return>
<value>${count}</value>
<status status="NOT RUN" start="2026-02-10T21:39:50.652700" elapsed="0.000011"/>
</return>
<var>${count}</var>
<arg>${locator}</arg>
<doc>Retorna quantidade de elementos</doc>
<status status="FAIL" start="2026-02-10T21:39:50.610335" elapsed="0.042433">Recursive execution stopped.</status>
</kw>
<return>
<value>${count}</value>
<status status="NOT RUN" start="2026-02-10T21:39:50.652807" elapsed="0.000011"/>
</return>
<var>${count}</var>
<arg>${locator}</arg>
<doc>Retorna quantidade de elementos</doc>
<status status="FAIL" start="2026-02-10T21:39:50.610177" elapsed="0.042699">Recursive execution stopped.</status>
</kw>
<return>
<value>${count}</value>
<status status="NOT RUN" start="2026-02-10T21:39:50.652924" elapsed="0.000012"/>
</return>
<var>${count}</var>
<arg>${locator}</arg>
<doc>Retorna quantidade de elementos</doc>
<status status="FAIL" start="2026-02-10T21:39:50.610016" elapsed="0.042979">Recursive execution stopped.</status>
</kw>
<return>
<value>${count}</value>
<status status="NOT RUN" start="2026-02-10T21:39:50.653034" elapsed="0.000011"/>
</return>
<var>${count}</var>
<arg>${locator}</arg>
<doc>Retorna quantidade de elementos</doc>
<status status="FAIL" start="2026-02-10T21:39:50.609853" elapsed="0.043248">Recursive execution stopped.</status>
</kw>
<return>
<value>${count}</value>
<status status="NOT RUN" start="2026-02-10T21:39:50.653142" elapsed="0.000011"/>
</return>
<var>${count}</var>
<arg>${locator}</arg>
<doc>Retorna quantidade de elementos</doc>
<status status="FAIL" start="2026-02-10T21:39:50.609693" elapsed="0.043517">Recursive execution stopped.</status>
</kw>
<return>
<value>${count}</value>
<status status="NOT RUN" start="2026-02-10T21:39:50.653248" elapsed="0.000011"/>
</return>
<var>${count}</var>
<arg>${locator}</arg>
<doc>Retorna quantidade de elementos</doc>
<status status="FAIL" start="2026-02-10T21:39:50.609526" elapsed="0.043788">Recursive execution stopped.</status>
</kw>
<return>
<value>${count}</value>
<status status="NOT RUN" start="2026-02-10T21:39:50.653352" elapsed="0.000012"/>
</return>
<var>${count}</var>
<arg>${locator}</arg>
<doc>Retorna quantidade de elementos</doc>
<status status="FAIL" start="2026-02-10T21:39:50.609367" elapsed="0.044052">Recursive execution stopped.</status>
</kw>
<return>
<value>${count}</value>
<status status="NOT RUN" start="2026-02-10T21:39:50.653455" elapsed="0.000011"/>
</return>
<var>${count}</var>
<arg>${locator}</arg>
<doc>Retorna quantidade de elementos</doc>
<status status="FAIL" start="2026-02-10T21:39:50.609203" elapsed="0.044318">Recursive execution stopped.</status>
</kw>
<return>
<value>${count}</value>
<status status="NOT RUN" start="2026-02-10T21:39:50.653570" elapsed="0.000011"/>
</return>
<var>${count}</var>
<arg>${locator}</arg>
<doc>Retorna quantidade de elementos</doc>
<status status="FAIL" start="2026-02-10T21:39:50.608919" elapsed="0.044735">Recursive execution stopped.</status>
</kw>
<return>
<value>${count}</value>
<status status="NOT RUN" start="2026-02-10T21:39:50.653698" elapsed="0.000033"/>
</return>
<var>${count}</var>
<arg>${locator}</arg>
<doc>Retorna quantidade de elementos</doc>
<status status="FAIL" start="2026-02-10T21:39:50.608542" elapsed="0.045264">Recursive execution stopped.</status>
</kw>
<return>
<value>${count}</value>
<status status="NOT RUN" start="2026-02-10T21:39:50.653881" elapsed="0.000012"/>
</return>
<var>${count}</var>
<arg>${locator}</arg>
<doc>Retorna quantidade de elementos</doc>
<status status="FAIL" start="2026-02-10T21:39:50.608308" elapsed="0.045639">Recursive execution stopped.</status>
</kw>
<return>
<value>${count}</value>
<status status="NOT RUN" start="2026-02-10T21:39:50.653983" elapsed="0.000011"/>
</return>
<var>${count}</var>
<arg>${locator}</arg>
<doc>Retorna quantidade de elementos</doc>
<status status="FAIL" start="2026-02-10T21:39:50.607806" elapsed="0.046239">Recursive execution stopped.</status>
</kw>
<return>
<value>${count}</value>
<status status="NOT RUN" start="2026-02-10T21:39:50.654081" elapsed="0.000010"/>
</return>
<var>${count}</var>
<arg>${locator}</arg>
<doc>Retorna quantidade de elementos</doc>
<status status="FAIL" start="2026-02-10T21:39:50.592479" elapsed="0.061663">Recursive execution stopped.</status>
</kw>
<return>
<value>${count}</value>
<status status="NOT RUN" start="2026-02-10T21:39:50.654178" elapsed="0.000010"/>
</return>
<var>${count}</var>
<arg>${locator}</arg>
<doc>Retorna quantidade de elementos</doc>
<status status="FAIL" start="2026-02-10T21:39:50.592287" elapsed="0.061951">Recursive execution stopped.</status>
</kw>
<return>
<value>${count}</value>
<status status="NOT RUN" start="2026-02-10T21:39:50.654274" elapsed="0.000011"/>
</return>
<var>${count}</var>
<arg>${locator}</arg>
<doc>Retorna quantidade de elementos</doc>
<status status="FAIL" start="2026-02-10T21:39:50.592091" elapsed="0.062243">Recursive execution stopped.</status>
</kw>
<return>
<value>${count}</value>
<status status="NOT RUN" start="2026-02-10T21:39:50.654368" elapsed="0.000011"/>
</return>
<var>${count}</var>
<arg>${locator}</arg>
<doc>Retorna quantidade de elementos</doc>
<status status="FAIL" start="2026-02-10T21:39:50.591903" elapsed="0.062525">Recursive execution stopped.</status>
</kw>
<return>
<value>${count}</value>
<status status="NOT RUN" start="2026-02-10T21:39:50.654464" elapsed="0.000010"/>
</return>
<var>${count}</var>
<arg>${locator}</arg>
<doc>Retorna quantidade de elementos</doc>
<status status="FAIL" start="2026-02-10T21:39:50.591708" elapsed="0.062814">Recursive execution stopped.</status>
</kw>
<return>
<value>${count}</value>
<status status="NOT RUN" start="2026-02-10T21:39:50.654563" elapsed="0.000011"/>
</return>
<var>${count}</var>
<arg>${locator}</arg>
<doc>Retorna quantidade de elementos</doc>
<status status="FAIL" start="2026-02-10T21:39:50.591504" elapsed="0.063124">Recursive execution stopped.</status>
</kw>
<return>
<value>${count}</value>
<status status="NOT RUN" start="2026-02-10T21:39:50.654662" elapsed="0.000011"/>
</return>
<var>${count}</var>
<arg>${locator}</arg>
<doc>Retorna quantidade de elementos</doc>
<status status="FAIL" start="2026-02-10T21:39:50.591307" elapsed="0.063414">Recursive execution stopped.</status>
</kw>
<return>
<value>${count}</value>
<status status="NOT RUN" start="2026-02-10T21:39:50.654755" elapsed="0.000011"/>
</return>
<var>${count}</var>
<arg>${locator}</arg>
<doc>Retorna quantidade de elementos</doc>
<status status="FAIL" start="2026-02-10T21:39:50.591108" elapsed="0.063706">Recursive execution stopped.</status>
</kw>
<return>
<value>${count}</value>
[...]
</kw>
<return>
<value>${count}</value>
<status status="NOT RUN" start="2026-02-10T21:44:48.487027" elapsed="0.000013"/>
</return>
<var>${count}</var>
<arg>${locator}</arg>
<doc>Retorna quantidade de elementos</doc>
<status status="FAIL" start="2026-02-10T21:44:48.449503" elapsed="0.037607">Recursive execution stopped.</status>
</kw>
<return>
<value>${count}</value>
<status status="NOT RUN" start="2026-02-10T21:44:48.487155" elapsed="0.000012"/>
</return>
<var>${count}</var>
<arg>${locator}</arg>
<doc>Retorna quantidade de elementos</doc>
<status status="FAIL" start="2026-02-10T21:44:48.449218" elapsed="0.038050">Recursive execution stopped.</status>
</kw>
<return>
<value>${count}</value>
<status status="NOT RUN" start="2026-02-10T21:44:48.487328" elapsed="0.000017"/>
</return>
<var>${count}</var>
<arg>${locator}</arg>
<doc>Retorna quantidade de elementos</doc>
<status status="FAIL" start="2026-02-10T21:44:48.448653" elapsed="0.038765">Recursive execution stopped.</status>
</kw>
<return>
<value>${count}</value>
<status status="NOT RUN" start="2026-02-10T21:44:48.487533" elapsed="0.000013"/>
</return>
<var>${count}</var>
<arg>${locator}</arg>
<doc>Retorna quantidade de elementos</doc>
<status status="FAIL" start="2026-02-10T21:44:48.448318" elapsed="0.039321">Recursive execution stopped.</status>
</kw>
<return>
<value>${count}</value>
<status status="NOT RUN" start="2026-02-10T21:44:48.487684" elapsed="0.000012"/>
</return>
<var>${count}</var>
<arg>${locator}</arg>
<doc>Retorna quantidade de elementos</doc>
<status status="FAIL" start="2026-02-10T21:44:48.448096" elapsed="0.039668">Recursive execution stopped.</status>
</kw>
<return>
<value>${count}</value>
<status status="NOT RUN" start="2026-02-10T21:44:48.487815" elapsed="0.000013"/>
</return>
<var>${count}</var>
<arg>${locator}</arg>
<doc>Retorna quantidade de elementos</doc>
<status status="FAIL" start="2026-02-10T21:44:48.447858" elapsed="0.040036">Recursive execution stopped.</status>
</kw>
<return>
<value>${count}</value>
<status status="NOT RUN" start="2026-02-10T21:44:48.487937" elapsed="0.000013"/>
</return>
<var>${count}</var>
<arg>${locator}</arg>
<doc>Retorna quantidade de elementos</doc>
<status status="FAIL" start="2026-02-10T21:44:48.447619" elapsed="0.040397">Recursive execution stopped.</status>
</kw>
<return>
<value>${count}</value>
<status status="NOT RUN" start="2026-02-10T21:44:48.488060" elapsed="0.000012"/>
</return>
<var>${count}</var>
<arg>${locator}</arg>
<doc>Retorna quantidade de elementos</doc>
<status status="FAIL" start="2026-02-10T21:44:48.447378" elapsed="0.040763">Recursive execution stopped.</status>
</kw>
<return>
<value>${count}</value>
<status status="NOT RUN" start="2026-02-10T21:44:48.488184" elapsed="0.000013"/>
</return>
<var>${count}</var>
<arg>${locator}</arg>
<doc>Retorna quantidade de elementos</doc>
<status status="FAIL" start="2026-02-10T21:44:48.447143" elapsed="0.041119">Recursive execution stopped.</status>
</kw>
<return>
<value>${count}</value>
<status status="NOT RUN" start="2026-02-10T21:44:48.488304" elapsed="0.000013"/>
</return>
<var>${count}</var>
<arg>${locator}</arg>
<doc>Retorna quantidade de elementos</doc>
<status status="FAIL" start="2026-02-10T21:44:48.446890" elapsed="0.041499">Recursive execution stopped.</status>
</kw>
<return>
<value>${count}</value>
<status status="NOT RUN" start="2026-02-10T21:44:48.488433" elapsed="0.000012"/>
</return>
<var>${count}</var>
<arg>${locator}</arg>
<doc>Retorna quantidade de elementos</doc>
<status status="FAIL" start="2026-02-10T21:44:48.446535" elapsed="0.041973">Recursive execution stopped.</status>
</kw>
<return>
<value>${count}</value>
<status status="NOT RUN" start="2026-02-10T21:44:48.488553" elapsed="0.000012"/>
</return>
<var>${count}</var>
<arg>${locator}</arg>
<doc>Retorna quantidade de elementos</doc>
<status status="FAIL" start="2026-02-10T21:44:48.446172" elapsed="0.042463">Recursive execution stopped.</status>
</kw>
<return>
<value>${count}</value>
<status status="NOT RUN" start="2026-02-10T21:44:48.488680" elapsed="0.000011"/>
</return>
<var>${count}</var>
<arg>${locator}</arg>
<doc>Retorna quantidade de elementos</doc>
<status status="FAIL" start="2026-02-10T21:44:48.446019" elapsed="0.042735">Recursive execution stopped.</status>
</kw>
<return>
<value>${count}</value>
<status status="NOT RUN" start="2026-02-10T21:44:48.488798" elapsed="0.000012"/>
</return>
<var>${count}</var>
<arg>${locator}</arg>
<doc>Retorna quantidade de elementos</doc>
<status status="FAIL" start="2026-02-10T21:44:48.445866" elapsed="0.043006">Recursive execution stopped.</status>
</kw>
<return>
<value>${count}</value>
<status status="NOT RUN" start="2026-02-10T21:44:48.488914" elapsed="0.000011"/>
</return>
<var>${count}</var>
<arg>${locator}</arg>
<doc>Retorna quantidade de elementos</doc>
<status status="FAIL" start="2026-02-10T21:44:48.445713" elapsed="0.043273">Recursive execution stopped.</status>
</kw>
<return>
<value>${count}</value>
<status status="NOT RUN" start="2026-02-10T21:44:48.489050" elapsed="0.000019"/>
</return>
<var>${count}</var>
<arg>${locator}</arg>
<doc>Retorna quantidade de elementos</doc>
<status status="FAIL" start="2026-02-10T21:44:48.445315" elapsed="0.043841">Recursive execution stopped.</status>
</kw>
<return>
<value>${count}</value>
<status status="NOT RUN" start="2026-02-10T21:44:48.489226" elapsed="0.000012"/>
</return>
<var>${count}</var>
<arg>${locator}</arg>
<doc>Retorna quantidade de elementos</doc>
<status status="FAIL" start="2026-02-10T21:44:48.445024" elapsed="0.044298">Recursive execution stopped.</status>
</kw>
<return>
<value>${count}</value>
<status status="NOT RUN" start="2026-02-10T21:44:48.489371" elapsed="0.000012"/>
</return>
<var>${count}</var>
<arg>${locator}</arg>
<doc>Retorna quantidade de elementos</doc>
<status status="FAIL" start="2026-02-10T21:44:48.444840" elapsed="0.044605">Recursive execution stopped.</status>
</kw>
<return>
<value>${count}</value>
<status status="NOT RUN" start="2026-02-10T21:44:48.489484" elapsed="0.000012"/>
</return>
<var>${count}</var>
<arg>${locator}</arg>
<doc>Retorna quantidade de elementos</doc>
<status status="FAIL" start="2026-02-10T21:44:48.444690" elapsed="0.044863">Recursive execution stopped.</status>
</kw>
<return>
<value>${count}</value>
<status status="NOT RUN" start="2026-02-10T21:44:48.489594" elapsed="0.000012"/>
</return>
<var>${count}</var>
<arg>${locator}</arg>
<doc>Retorna quantidade de elementos</doc>
<status status="FAIL" start="2026-02-10T21:44:48.444541" elapsed="0.045122">Recursive execution stopped.</status>
</kw>
<return>
<value>${count}</value>
<status status="NOT RUN" start="2026-02-10T21:44:48.489702" elapsed="0.000011"/>
</return>
<var>${count}</var>
<arg>${locator}</arg>
<doc>Retorna quantidade de elementos</doc>
<status status="FAIL" start="2026-02-10T21:44:48.444382" elapsed="0.045388">Recursive execution stopped.</status>
</kw>
<return>
<value>${count}</value>
<status status="NOT RUN" start="2026-02-10T21:44:48.489809" elapsed="0.000011"/>
</return>
<var>${count}</var>
<arg>${locator}</arg>
<doc>Retorna quantidade de elementos</doc>
<status status="FAIL" start="2026-02-10T21:44:48.444218" elapsed="0.045658">Recursive execution stopped.</status>
</kw>
<return>
<value>${count}</value>
<status status="NOT RUN" start="2026-02-10T21:44:48.489915" elapsed="0.000012"/>
</return>
<var>${count}</var>
<arg>${locator}</arg>
<doc>Retorna quantidade de elementos</doc>
<status status="FAIL" start="2026-02-10T21:44:48.444015" elapsed="0.045977">Recursive execution stopped.</status>
</kw>
<return>
<value>${count}</value>
<status status="NOT RUN" start="2026-02-10T21:44:48.490031" elapsed="0.000011"/>
</return>
<var>${count}</var>
<arg>${locator}</arg>
<doc>Retorna quantidade de elementos</doc>
<status status="FAIL" start="2026-02-10T21:44:48.443718" elapsed="0.046382">Recursive execution stopped.</status>
</kw>
<return>
<value>${count}</value>
<status status="NOT RUN" start="2026-02-10T21:44:48.490141" elapsed="0.000012"/>
</return>
<var>${count}</var>
<arg>${locator}</arg>
<doc>Retorna quantidade de elementos</doc>
<status status="FAIL" start="2026-02-10T21:44:48.443439" elapsed="0.046772">Recursive execution stopped.</status>
</kw>
<return>
<value>${count}</value>
<status status="NOT RUN" start="2026-02-10T21:44:48.490251" elapsed="0.000011"/>
</return>
<var>${count}</var>
<arg>${locator}</arg>
<doc>Retorna quantidade de elementos</doc>
<status status="FAIL" start="2026-02-10T21:44:48.443230" elapsed="0.047088">Recursive execution stopped.</status>
</kw>
<return>
<value>${count}</value>
<status status="NOT RUN" start="2026-02-10T21:44:48.490358" elapsed="0.000011"/>
</return>
<var>${count}</var>
<arg>${locator}</arg>
<doc>Retorna quantidade de elementos</doc>
<status status="FAIL" start="2026-02-10T21:44:48.442997" elapsed="0.047428">Recursive execution stopped.</status>
</kw>
<return>
<value>${count}</value>
<status status="NOT RUN" start="2026-02-10T21:44:48.490463" elapsed="0.000012"/>
</return>
<var>${count}</var>
<arg>${locator}</arg>
<doc>Retorna quantidade de elementos</doc>
<status status="FAIL" start="2026-02-10T21:44:48.442688" elapsed="0.047842">Recursive execution stopped.</status>
</kw>
<return>
<value>${count}</value>
<status status="NOT RUN" start="2026-02-10T21:44:48.490588" elapsed="0.000011"/>
</return>
<var>${count}</var>
<arg>${locator}</arg>
<doc>Retorna quantidade de elementos</doc>
<status status="FAIL" start="2026-02-10T21:44:48.442060" elapsed="0.048629">Recursive execution stopped.</status>
</kw>
<return>
<value>${count}</value>
<status status="NOT RUN" start="2026-02-10T21:44:48.490733" elapsed="0.000032"/>
</return>
<var>${count}</var>
<arg>${locator}</arg>
<doc>Retorna quantidade de elementos</doc>
<status status="FAIL" start="2026-02-10T21:44:48.441441" elapsed="0.049399">Recursive execution stopped.</status>
</kw>
<return>
<value>${count}</value>
<status status="NOT RUN" start="2026-02-10T21:44:48.490935" elapsed="0.000012"/>
</return>
<var>${count}</var>
<arg>${locator}</arg>
<doc>Retorna quantidade de elementos</doc>
<status status="FAIL" start="2026-02-10T21:44:48.441231" elapsed="0.049771">Recursive execution stopped.</status>
</kw>
<return>
<value>${count}</value>
<status status="NOT RUN" start="2026-02-10T21:44:48.491042" elapsed="0.000012"/>
</return>
<var>${count}</var>
<arg>${locator}</arg>
<doc>Retorna quantidade de elementos</doc>
<status status="FAIL" start="2026-02-10T21:44:48.441050" elapsed="0.050058">Recursive execution stopped.</status>
</kw>
<return>
<value>${count}</value>
<status status="NOT RUN" start="2026-02-10T21:44:48.491144" elapsed="0.000011"/>
</return>
<var>${count}</var>
<arg>${locator}</arg>
<doc>Retorna quantidade de elementos</doc>
<status status="FAIL" start="2026-02-10T21:44:48.440871" elapsed="0.050340">Recursive execution stopped.</status>
</kw>
<return>
<value>${count}</value>
<status status="NOT RUN" start="2026-02-10T21:44:48.491248" elapsed="0.000010"/>
</return>
<var>${count}</var>
<arg>${locator}</arg>
<doc>Retorna quantidade de elementos</doc>
<status status="FAIL" start="2026-02-10T21:44:48.440698" elapsed="0.050609">Recursive execution stopped.</status>
</kw>
<return>
<value>${count}</value>
<status status="NOT RUN" start="2026-02-10T21:44:48.491345" elapsed="0.000010"/>
</return>
<var>${count}</var>
<arg>${locator}</arg>
<doc>Retorna quantidade de elementos</doc>
<status status="FAIL" start="2026-02-10T21:44:48.440537" elapsed="0.050868">Recursive execution stopped.</status>
</kw>
<return>
<value>${count}</value>
<status status="NOT RUN" start="2026-02-10T21:44:48.491442" elapsed="0.000010"/>
</return>
<var>${count}</var>
<arg>${locator}</arg>
<doc>Retorna quantidade de elementos</doc>
<status status="FAIL" start="2026-02-10T21:44:48.440367" elapsed="0.051133">Recursive execution stopped.</status>
</kw>
<return>
<value>${count}</value>
<status status="NOT RUN" start="2026-02-10T21:44:48.491536" elapsed="0.000011"/>
</return>
<var>${count}</var>
<arg>${locator}</arg>
<doc>Retorna quantidade de elementos</doc>
<status status="FAIL" start="2026-02-10T21:44:48.440187" elapsed="0.051407">Recursive execution stopped.</status>
</kw>
<return>
<value>${count}</value>
<status status="NOT RUN" start="2026-02-10T21:44:48.491634" elapsed="0.000013"/>
</return>
<var>${count}</var>
<arg>${locator}</arg>
<doc>Retorna quantidade de elementos</doc>
<status status="FAIL" start="2026-02-10T21:44:48.440003" elapsed="0.051700">Recursive execution stopped.</status>
</kw>
<return>
<value>${count}</value>
<status status="NOT RUN" start="2026-02-10T21:44:48.491739" elapsed="0.000011"/>
</return>
<var>${count}</var>
<arg>${locator}</arg>
<doc>Retorna quantidade de elementos</doc>
<status status="FAIL" start="2026-02-10T21:44:48.439823" elapsed="0.051973">Recursive execution stopped.</status>
</kw>
<return>
<value>${count}</value>
<status status="NOT RUN" start="2026-02-10T21:44:48.491831" elapsed="0.000011"/>
</return>
<var>${count}</var>
<arg>${locator}</arg>
<doc>Retorna quantidade de elementos</doc>
<status status="FAIL" start="2026-02-10T21:44:48.439627" elapsed="0.052262">Recursive execution stopped.</status>
</kw>
<return>
<value>${count}</value>
<status status="NOT RUN" start="2026-02-10T21:44:48.491923" elapsed="0.000010"/>
</return>
<var>${count}</var>
<arg>${locator}</arg>
<doc>Retorna quantidade de elementos</doc>
<status status="FAIL" start="2026-02-10T21:44:48.439429" elapsed="0.052550">Recursive execution stopped.</status>
</kw>
<return>
<value>${count}</value>
<status status="NOT RUN" start="2026-02-10T21:44:48.492013" elapsed="0.000011"/>
</return>
<var>${count}</var>
<arg>${locator}</arg>
<doc>Retorna quantidade de elementos</doc>
<status status="FAIL" start="2026-02-10T21:44:48.439172" elapsed="0.052918">Recursive execution stopped.</status>
</kw>
<return>
<value>${count}</value>
<status status="NOT RUN" start="2026-02-10T21:44:48.492136" elapsed="0.000025"/>
</return>
<var>${count}</var>
<arg>${locator}</arg>
<doc>Retorna quantidade de elementos</doc>
<status status="FAIL" start="2026-02-10T21:44:48.438524" elapsed="0.053687">Recursive execution stopped.</status>
</kw>
<return>
<value>${count}</value>
<status status="NOT RUN" start="2026-02-10T21:44:48.492281" elapsed="0.000010"/>
</return>
<var>${count}</var>
<arg>${locator}</arg>
<doc>Retorna quantidade de elementos</doc>
<status status="FAIL" start="2026-02-10T21:44:48.438101" elapsed="0.054250">Recursive execution stopped.</status>
</kw>
<return>
<value>${count}</value>
<status status="NOT RUN" start="2026-02-10T21:44:48.492386" elapsed="0.000011"/>
</return>
<var>${count}</var>
<arg>${locator}</arg>
<doc>Retorna quantidade de elementos</doc>
<status status="FAIL" start="2026-02-10T21:44:48.437903" elapsed="0.054538">Recursive execution stopped.</status>
</kw>
<return>
<value>${count}</value>
<status status="NOT RUN" start="2026-02-10T21:44:48.492473" elapsed="0.000010"/>
</return>
<var>${count}</var>
<arg>${locator}</arg>
<doc>Retorna quantidade de elementos</doc>
<status status="FAIL" start="2026-02-10T21:44:48.437708" elapsed="0.054820">Recursive execution stopped.</status>
</kw>
<return>
<value>${count}</value>
<status status="NOT RUN" start="2026-02-10T21:44:48.492560" elapsed="0.000010"/>
</return>
<var>${count}</var>
<arg>${locator}</arg>
<doc>Retorna quantidade de elementos</doc>
<status status="FAIL" start="2026-02-10T21:44:48.437475" elapsed="0.055137">Recursive execution stopped.</status>
</kw>
<return>
<value>${count}</value>
<status status="NOT RUN" start="2026-02-10T21:44:48.492644" elapsed="0.000010"/>
</return>
<var>${count}</var>
<arg>${locator}</arg>
<doc>Retorna quantidade de elementos</doc>
<status status="FAIL" start="2026-02-10T21:44:48.437252" elapsed="0.055458">Recursive execution stopped.</status>
</kw>
<return>
<value>${count}</value>
<status status="NOT RUN" start="2026-02-10T21:44:48.492746" elapsed="0.000011"/>
</return>
<var>${count}</var>
<arg>${locator}</arg>
<doc>Retorna quantidade de elementos</doc>
<status status="FAIL" start="2026-02-10T21:44:48.437028" elapsed="0.055770">Recursive execution stopped.</status>
</kw>
<return>
<value>${count}</value>
<status status="NOT RUN" start="2026-02-10T21:44:48.492830" elapsed="0.000011"/>
</return>
<var>${count}</var>
<arg>${locator}</arg>
<doc>Retorna quantidade de elementos</doc>
<status status="FAIL" start="2026-02-10T21:44:48.436811" elapsed="0.056072">Recursive execution stopped.</status>
</kw>
<return>
<value>${count}</value>
<status status="NOT RUN" start="2026-02-10T21:44:48.492914" elapsed="0.000009"/>
</return>
<var>${count}</var>
<arg>${locator}</arg>
<doc>Retorna quantidade de elementos</doc>
<status status="FAIL" start="2026-02-10T21:44:48.436567" elapsed="0.056397">Recursive execution stopped.</status>
</kw>
<return>
<value>${count}</value>
<status status="NOT RUN" start="2026-02-10T21:44:48.492996" elapsed="0.000010"/>
</return>
<var>${count}</var>
<arg>${LIST_CARD}</arg>
<doc>Retorna quantidade de elementos</doc>
<status status="FAIL" start="2026-02-10T21:44:48.436312" elapsed="0.056735">Recursive execution stopped.</status>
</kw>
<kw name="Should Be Equal As Integers" owner="BuiltIn">
<arg>${count}</arg>
<arg>${expected_count}</arg>
<doc>Fails if objects are unequal after converting them to integers.</doc>
<status status="NOT RUN" start="2026-02-10T21:44:48.493161" elapsed="0.000024"/>
</kw>
<arg>2</arg>
<doc>Verifica quantidade de listas</doc>
<status status="FAIL" start="2026-02-10T21:44:48.435807" elapsed="0.057436">Recursive execution stopped.</status>
</kw>
<kw name="Verify List Exists With Name" owner="lists_page">
<arg>Lista A</arg>
<doc>Verifica se lista com nome específico existe</doc>
<status status="NOT RUN" start="2026-02-10T21:44:48.493350" elapsed="0.000021"/>
</kw>
<kw name="Verify List Exists With Name" owner="lists_page">
<arg>Lista C</arg>
<doc>Verifica se lista com nome específico existe</doc>
<status status="NOT RUN" start="2026-02-10T21:44:48.493449" elapsed="0.000016"/>
</kw>
<kw name="Close Test Browser" owner="common" type="TEARDOWN">
<kw name="Close All Browsers" owner="SeleniumLibrary">
<doc>Closes all open browsers and resets the browser cache.</doc>
<status status="PASS" start="2026-02-10T21:44:48.493800" elapsed="0.102667"/>
</kw>
<doc>Fecha o navegador e limpa dados</doc>
<status status="PASS" start="2026-02-10T21:44:48.493641" elapsed="0.102928"/>
</kw>
<doc>Listas devem manter ordem após operações</doc>
<tag>lists</tag>
<tag>order</tag>
<status status="FAIL" start="2026-02-10T21:43:56.002031" elapsed="52.594581">Recursive execution stopped.</status>
</test>
<kw name="Close All Browsers" owner="SeleniumLibrary" type="TEARDOWN">
<doc>Closes all open browsers and resets the browser cache.</doc>
<status status="PASS" start="2026-02-10T21:44:48.597282" elapsed="0.000135"/>
</kw>
<doc>Testes da tela de Listas do QuickList
Cobertura: CRUD de listas, navegação, estado vazio, logout</doc>
<status status="FAIL" start="2026-02-10T21:39:32.290888" elapsed="316.306563"/>
</suite>
<statistics>
<total>
<stat pass="24" fail="7" skip="0">All Tests</stat>
</total>
<tag>
<stat pass="7" fail="2" skip="0">create</stat>
<stat pass="3" fail="2" skip="0">delete</stat>
<stat pass="4" fail="0" skip="0">edit</stat>
<stat pass="2" fail="0" skip="0">empty-state</stat>
<stat pass="24" fail="7" skip="0">lists</stat>
<stat pass="1" fail="1" skip="0">logout</stat>
<stat pass="8" fail="1" skip="0">modal</stat>
<stat pass="0" fail="1" skip="0">multiple</stat>
<stat pass="1" fail="0" skip="0">navigation</stat>
<stat pass="0" fail="1" skip="0">order</stat>
<stat pass="6" fail="1" skip="0">smoke</stat>
<stat pass="0" fail="1" skip="0">storage</stat>
<stat pass="6" fail="1" skip="0">ui</stat>
<stat pass="4" fail="0" skip="0">validation</stat>
</tag>
<suite>
<stat name="Lists Tests" id="s1" pass="24" fail="7" skip="0">Lists Tests</stat>
</suite>
</statistics>
<errors>
</errors>
</robot>
